{"/home/gsl/Downloads/email_setting (copy) (1)/Email_Gateway/nest-email-gateway/src/app.controller.ts": {"path":"/home/gsl/Downloads/email_setting (copy) (1)/Email_Gateway/nest-email-gateway/src/app.controller.ts","statementMap":{"0":{"start":{"line":1,"column":0},"end":{"line":1,"column":49}},"1":{"start":{"line":2,"column":0},"end":{"line":2,"column":43}},"2":{"start":{"line":5,"column":7},"end":{"line":12,"column":null}},"3":{"start":{"line":6,"column":31},"end":{"line":6,"column":43}},"4":{"start":{"line":10,"column":4},"end":{"line":10,"column":38}},"5":{"start":{"line":5,"column":13},"end":{"line":5,"column":26}},"6":{"start":{"line":9,"column":2},"end":{"line":11,"column":null}},"7":{"start":{"line":5,"column":13},"end":{"line":12,"column":null}}},"fnMap":{"0":{"name":"(anonymous_2)","decl":{"start":{"line":6,"column":2},"end":{"line":6,"column":31}},"loc":{"start":{"line":6,"column":53},"end":{"line":6,"column":57}}},"1":{"name":"(anonymous_3)","decl":{"start":{"line":9,"column":2},"end":{"line":9,"column":10}},"loc":{"start":{"line":9,"column":10},"end":{"line":11,"column":3}}}},"branchMap":{"0":{"loc":{"start":{"line":6,"column":43},"end":{"line":6,"column":56}},"type":"cond-expr","locations":[{"start":{"line":6,"column":53},"end":{"line":6,"column":56}},{"start":{"line":6,"column":53},"end":{"line":6,"column":56}}]},"1":{"loc":{"start":{"line":6,"column":43},"end":{"line":6,"column":53}},"type":"binary-expr","locations":[{"start":{"line":6,"column":43},"end":{"line":6,"column":56}},{"start":{"line":6,"column":43},"end":{"line":6,"column":53}}]}},"s":{"0":1,"1":1,"2":1,"3":1,"4":1,"5":1,"6":1,"7":1},"f":{"0":1,"1":1},"b":{"0":[1,0],"1":[1,1]}}
,"/home/gsl/Downloads/email_setting (copy) (1)/Email_Gateway/nest-email-gateway/src/app.service.ts": {"path":"/home/gsl/Downloads/email_setting (copy) (1)/Email_Gateway/nest-email-gateway/src/app.service.ts","statementMap":{"0":{"start":{"line":1,"column":0},"end":{"line":1,"column":44}},"1":{"start":{"line":4,"column":7},"end":{"line":8,"column":null}},"2":{"start":{"line":6,"column":4},"end":{"line":6,"column":26}},"3":{"start":{"line":4,"column":13},"end":{"line":4,"column":23}},"4":{"start":{"line":4,"column":13},"end":{"line":8,"column":null}}},"fnMap":{"0":{"name":"(anonymous_1)","decl":{"start":{"line":5,"column":2},"end":{"line":5,"column":10}},"loc":{"start":{"line":5,"column":10},"end":{"line":7,"column":3}}}},"branchMap":{},"s":{"0":1,"1":1,"2":1,"3":1,"4":1},"f":{"0":1},"b":{}}
,"/home/gsl/Downloads/email_setting (copy) (1)/Email_Gateway/nest-email-gateway/src/auth/auth.controller.ts": {"path":"/home/gsl/Downloads/email_setting (copy) (1)/Email_Gateway/nest-email-gateway/src/auth/auth.controller.ts","statementMap":{"0":{"start":{"line":1,"column":0},"end":{"line":1,"column":null}},"1":{"start":{"line":9,"column":0},"end":{"line":9,"column":45}},"2":{"start":{"line":10,"column":0},"end":{"line":10,"column":48}},"3":{"start":{"line":11,"column":0},"end":{"line":11,"column":43}},"4":{"start":{"line":12,"column":0},"end":{"line":12,"column":62}},"5":{"start":{"line":14,"column":0},"end":{"line":14,"column":51}},"6":{"start":{"line":18,"column":7},"end":{"line":51,"column":null}},"7":{"start":{"line":19,"column":31},"end":{"line":19,"column":44}},"8":{"start":{"line":23,"column":17},"end":{"line":23,"column":77}},"9":{"start":{"line":24,"column":4},"end":{"line":26,"column":5}},"10":{"start":{"line":25,"column":6},"end":{"line":25,"column":64}},"11":{"start":{"line":27,"column":18},"end":{"line":27,"column":52}},"12":{"start":{"line":28,"column":4},"end":{"line":28,"column":39}},"13":{"start":{"line":34,"column":4},"end":{"line":34,"column":45}},"14":{"start":{"line":43,"column":17},"end":{"line":43,"column":32}},"15":{"start":{"line":44,"column":19},"end":{"line":44,"column":40}},"16":{"start":{"line":45,"column":4},"end":{"line":49,"column":6}},"17":{"start":{"line":18,"column":13},"end":{"line":18,"column":27}},"18":{"start":{"line":22,"column":8},"end":{"line":29,"column":null}},"19":{"start":{"line":33,"column":2},"end":{"line":35,"column":null}},"20":{"start":{"line":39,"column":8},"end":{"line":50,"column":null}},"21":{"start":{"line":18,"column":13},"end":{"line":51,"column":null}}},"fnMap":{"0":{"name":"(anonymous_4)","decl":{"start":{"line":19,"column":2},"end":{"line":19,"column":31}},"loc":{"start":{"line":19,"column":55},"end":{"line":19,"column":59}}},"1":{"name":"(anonymous_5)","decl":{"start":{"line":22,"column":8},"end":{"line":22,"column":13}},"loc":{"start":{"line":22,"column":35},"end":{"line":29,"column":3}}},"2":{"name":"(anonymous_6)","decl":{"start":{"line":33,"column":2},"end":{"line":33,"column":4}},"loc":{"start":{"line":33,"column":35},"end":{"line":35,"column":3}}},"3":{"name":"(anonymous_7)","decl":{"start":{"line":39,"column":8},"end":{"line":39,"column":22}},"loc":{"start":{"line":41,"column":34},"end":{"line":50,"column":3}}}},"branchMap":{"0":{"loc":{"start":{"line":24,"column":4},"end":{"line":26,"column":5}},"type":"if","locations":[{"start":{"line":24,"column":4},"end":{"line":26,"column":5}},{"start":{},"end":{}}]},"1":{"loc":{"start":{"line":44,"column":19},"end":{"line":44,"column":40}},"type":"binary-expr","locations":[{"start":{"line":44,"column":19},"end":{"line":44,"column":27}},{"start":{"line":44,"column":31},"end":{"line":44,"column":40}}]},"2":{"loc":{"start":{"line":22,"column":27},"end":{"line":22,"column":null}},"type":"cond-expr","locations":[{"start":{"line":22,"column":35},"end":{"line":22,"column":null}},{"start":{"line":22,"column":35},"end":{"line":22,"column":null}}]},"3":{"loc":{"start":{"line":22,"column":27},"end":{"line":22,"column":35}},"type":"binary-expr","locations":[{"start":{"line":22,"column":27},"end":{"line":22,"column":null}},{"start":{"line":22,"column":27},"end":{"line":22,"column":35}}]},"4":{"loc":{"start":{"line":41,"column":17},"end":{"line":41,"column":null}},"type":"cond-expr","locations":[{"start":{"line":41,"column":34},"end":{"line":41,"column":null}},{"start":{"line":41,"column":34},"end":{"line":41,"column":null}}]},"5":{"loc":{"start":{"line":41,"column":17},"end":{"line":41,"column":34}},"type":"binary-expr","locations":[{"start":{"line":41,"column":17},"end":{"line":41,"column":null}},{"start":{"line":41,"column":17},"end":{"line":41,"column":34}}]},"6":{"loc":{"start":{"line":19,"column":44},"end":{"line":19,"column":58}},"type":"cond-expr","locations":[{"start":{"line":19,"column":55},"end":{"line":19,"column":58}},{"start":{"line":19,"column":55},"end":{"line":19,"column":58}}]},"7":{"loc":{"start":{"line":19,"column":44},"end":{"line":19,"column":55}},"type":"binary-expr","locations":[{"start":{"line":19,"column":44},"end":{"line":19,"column":58}},{"start":{"line":19,"column":44},"end":{"line":19,"column":55}}]}},"s":{"0":1,"1":1,"2":1,"3":1,"4":1,"5":1,"6":1,"7":4,"8":2,"9":2,"10":1,"11":1,"12":1,"13":0,"14":1,"15":1,"16":1,"17":1,"18":1,"19":1,"20":1,"21":1},"f":{"0":4,"1":2,"2":0,"3":1},"b":{"0":[1,1],"1":[1,0],"2":[1,0],"3":[1,1],"4":[1,0],"5":[1,1],"6":[1,0],"7":[1,1]}}
,"/home/gsl/Downloads/email_setting (copy) (1)/Email_Gateway/nest-email-gateway/src/auth/auth.service.ts": {"path":"/home/gsl/Downloads/email_setting (copy) (1)/Email_Gateway/nest-email-gateway/src/auth/auth.service.ts","statementMap":{"0":{"start":{"line":1,"column":0},"end":{"line":1,"column":66}},"1":{"start":{"line":2,"column":0},"end":{"line":2,"column":51}},"2":{"start":{"line":3,"column":0},"end":{"line":3,"column":37}},"3":{"start":{"line":4,"column":0},"end":{"line":4,"column":35}},"4":{"start":{"line":5,"column":0},"end":{"line":5,"column":33}},"5":{"start":{"line":6,"column":0},"end":{"line":6,"column":41}},"6":{"start":{"line":7,"column":0},"end":{"line":7,"column":47}},"7":{"start":{"line":17,"column":24},"end":{"line":109,"column":null}},"8":{"start":{"line":19,"column":36},"end":{"line":19,"column":46}},"9":{"start":{"line":20,"column":12},"end":{"line":20,"column":17}},"10":{"start":{"line":23,"column":19},"end":{"line":23,"column":57}},"11":{"start":{"line":26,"column":4},"end":{"line":26,"column":46}},"12":{"start":{"line":26,"column":33},"end":{"line":26,"column":46}},"13":{"start":{"line":27,"column":21},"end":{"line":27,"column":38}},"14":{"start":{"line":28,"column":21},"end":{"line":28,"column":38}},"15":{"start":{"line":29,"column":22},"end":{"line":29,"column":39}},"16":{"start":{"line":30,"column":22},"end":{"line":30,"column":46}},"17":{"start":{"line":31,"column":4},"end":{"line":31,"column":58}},"18":{"start":{"line":35,"column":18},"end":{"line":35,"column":45}},"19":{"start":{"line":36,"column":4},"end":{"line":53,"column":5}},"20":{"start":{"line":37,"column":20},"end":{"line":37,"column":74}},"21":{"start":{"line":38,"column":28},"end":{"line":38,"column":68}},"22":{"start":{"line":39,"column":6},"end":{"line":41,"column":7}},"23":{"start":{"line":40,"column":8},"end":{"line":40,"column":65}},"24":{"start":{"line":42,"column":18},"end":{"line":42,"column":56}},"25":{"start":{"line":43,"column":6},"end":{"line":48,"column":9}},"26":{"start":{"line":49,"column":6},"end":{"line":51,"column":8}},"27":{"start":{"line":52,"column":6},"end":{"line":52,"column":63}},"28":{"start":{"line":57,"column":17},"end":{"line":57,"column":66}},"29":{"start":{"line":58,"column":4},"end":{"line":58,"column":27}},"30":{"start":{"line":58,"column":15},"end":{"line":58,"column":27}},"31":{"start":{"line":60,"column":18},"end":{"line":60,"column":67}},"32":{"start":{"line":61,"column":4},"end":{"line":61,"column":28}},"33":{"start":{"line":61,"column":16},"end":{"line":61,"column":28}},"34":{"start":{"line":63,"column":4},"end":{"line":68,"column":6}},"35":{"start":{"line":72,"column":20},"end":{"line":72,"column":72}},"36":{"start":{"line":73,"column":18},"end":{"line":73,"column":40}},"37":{"start":{"line":74,"column":34},"end":{"line":74,"column":59}},"38":{"start":{"line":75,"column":4},"end":{"line":80,"column":6}},"39":{"start":{"line":88,"column":17},"end":{"line":88,"column":71}},"40":{"start":{"line":89,"column":4},"end":{"line":91,"column":5}},"41":{"start":{"line":90,"column":6},"end":{"line":90,"column":59}},"42":{"start":{"line":92,"column":18},"end":{"line":92,"column":74}},"43":{"start":{"line":93,"column":4},"end":{"line":95,"column":5}},"44":{"start":{"line":94,"column":6},"end":{"line":94,"column":74}},"45":{"start":{"line":96,"column":4},"end":{"line":102,"column":5}},"46":{"start":{"line":97,"column":6},"end":{"line":101,"column":8}},"47":{"start":{"line":103,"column":17},"end":{"line":103,"column":51}},"48":{"start":{"line":104,"column":4},"end":{"line":104,"column":29}},"49":{"start":{"line":105,"column":4},"end":{"line":105,"column":36}},"50":{"start":{"line":106,"column":4},"end":{"line":106,"column":35}},"51":{"start":{"line":107,"column":4},"end":{"line":107,"column":29}},"52":{"start":{"line":17,"column":13},"end":{"line":17,"column":24}},"53":{"start":{"line":17,"column":13},"end":{"line":109,"column":null}}},"fnMap":{"0":{"name":"(anonymous_13)","decl":{"start":{"line":18,"column":2},"end":{"line":18,"column":null}},"loc":{"start":{"line":20,"column":27},"end":{"line":21,"column":6}}},"1":{"name":"(anonymous_14)","decl":{"start":{"line":25,"column":10},"end":{"line":25,"column":26}},"loc":{"start":{"line":25,"column":38},"end":{"line":32,"column":3}}},"2":{"name":"(anonymous_15)","decl":{"start":{"line":34,"column":2},"end":{"line":34,"column":7}},"loc":{"start":{"line":34,"column":20},"end":{"line":54,"column":3}}},"3":{"name":"(anonymous_16)","decl":{"start":{"line":56,"column":2},"end":{"line":56,"column":7}},"loc":{"start":{"line":56,"column":52},"end":{"line":69,"column":3}}},"4":{"name":"(anonymous_17)","decl":{"start":{"line":71,"column":2},"end":{"line":71,"column":7}},"loc":{"start":{"line":71,"column":35},"end":{"line":81,"column":3}}},"5":{"name":"(anonymous_18)","decl":{"start":{"line":83,"column":2},"end":{"line":83,"column":7}},"loc":{"start":{"line":86,"column":23},"end":{"line":108,"column":3}}}},"branchMap":{"0":{"loc":{"start":{"line":26,"column":4},"end":{"line":26,"column":46}},"type":"if","locations":[{"start":{"line":26,"column":4},"end":{"line":26,"column":46}},{"start":{},"end":{}}]},"1":{"loc":{"start":{"line":26,"column":8},"end":{"line":26,"column":31}},"type":"binary-expr","locations":[{"start":{"line":26,"column":8},"end":{"line":26,"column":12}},{"start":{"line":26,"column":16},"end":{"line":26,"column":31}}]},"2":{"loc":{"start":{"line":31,"column":11},"end":{"line":31,"column":57}},"type":"binary-expr","locations":[{"start":{"line":31,"column":11},"end":{"line":31,"column":19}},{"start":{"line":31,"column":23},"end":{"line":31,"column":31}},{"start":{"line":31,"column":35},"end":{"line":31,"column":44}},{"start":{"line":31,"column":48},"end":{"line":31,"column":57}}]},"3":{"loc":{"start":{"line":36,"column":4},"end":{"line":53,"column":5}},"type":"if","locations":[{"start":{"line":36,"column":4},"end":{"line":53,"column":5}},{"start":{},"end":{}}]},"4":{"loc":{"start":{"line":37,"column":20},"end":{"line":37,"column":74}},"type":"binary-expr","locations":[{"start":{"line":37,"column":20},"end":{"line":37,"column":51}},{"start":{"line":37,"column":55},"end":{"line":37,"column":74}}]},"5":{"loc":{"start":{"line":38,"column":28},"end":{"line":38,"column":68}},"type":"binary-expr","locations":[{"start":{"line":38,"column":28},"end":{"line":38,"column":62}},{"start":{"line":38,"column":66},"end":{"line":38,"column":68}}]},"6":{"loc":{"start":{"line":39,"column":6},"end":{"line":41,"column":7}},"type":"if","locations":[{"start":{"line":39,"column":6},"end":{"line":41,"column":7}},{"start":{},"end":{}}]},"7":{"loc":{"start":{"line":58,"column":4},"end":{"line":58,"column":27}},"type":"if","locations":[{"start":{"line":58,"column":4},"end":{"line":58,"column":27}},{"start":{},"end":{}}]},"8":{"loc":{"start":{"line":61,"column":4},"end":{"line":61,"column":28}},"type":"if","locations":[{"start":{"line":61,"column":4},"end":{"line":61,"column":28}},{"start":{},"end":{}}]},"9":{"loc":{"start":{"line":89,"column":4},"end":{"line":91,"column":5}},"type":"if","locations":[{"start":{"line":89,"column":4},"end":{"line":91,"column":5}},{"start":{},"end":{}}]},"10":{"loc":{"start":{"line":93,"column":4},"end":{"line":95,"column":5}},"type":"if","locations":[{"start":{"line":93,"column":4},"end":{"line":95,"column":5}},{"start":{},"end":{}}]},"11":{"loc":{"start":{"line":96,"column":4},"end":{"line":102,"column":5}},"type":"if","locations":[{"start":{"line":96,"column":4},"end":{"line":102,"column":5}},{"start":{},"end":{}}]},"12":{"loc":{"start":{"line":19,"column":46},"end":{"line":19,"column":62}},"type":"cond-expr","locations":[{"start":{"line":19,"column":56},"end":{"line":19,"column":62}},{"start":{"line":19,"column":56},"end":{"line":19,"column":62}}]},"13":{"loc":{"start":{"line":19,"column":46},"end":{"line":19,"column":56}},"type":"binary-expr","locations":[{"start":{"line":19,"column":46},"end":{"line":19,"column":62}},{"start":{"line":19,"column":46},"end":{"line":19,"column":56}}]},"14":{"loc":{"start":{"line":19,"column":56},"end":{"line":20,"column":null}},"type":"cond-expr","locations":[{"start":{"line":20,"column":27},"end":{"line":20,"column":null}},{"start":{"line":20,"column":27},"end":{"line":20,"column":null}}]},"15":{"loc":{"start":{"line":19,"column":56},"end":{"line":20,"column":27}},"type":"binary-expr","locations":[{"start":{"line":19,"column":56},"end":{"line":20,"column":null}},{"start":{"line":20,"column":17},"end":{"line":20,"column":27}}]}},"s":{"0":2,"1":2,"2":2,"3":2,"4":2,"5":2,"6":2,"7":2,"8":4,"9":4,"10":4,"11":2,"12":1,"13":1,"14":1,"15":1,"16":1,"17":1,"18":0,"19":0,"20":0,"21":0,"22":0,"23":0,"24":0,"25":0,"26":0,"27":0,"28":2,"29":2,"30":0,"31":2,"32":2,"33":1,"34":1,"35":0,"36":0,"37":0,"38":0,"39":2,"40":2,"41":0,"42":2,"43":2,"44":0,"45":2,"46":1,"47":1,"48":1,"49":1,"50":1,"51":1,"52":2,"53":2},"f":{"0":4,"1":2,"2":0,"3":2,"4":0,"5":2},"b":{"0":[1,1],"1":[2,2],"2":[1,1,1,1],"3":[0,0],"4":[0,0],"5":[0,0],"6":[0,0],"7":[0,2],"8":[1,1],"9":[0,2],"10":[0,2],"11":[1,1],"12":[2,0],"13":[2,2],"14":[2,0],"15":[2,2]}}
,"/home/gsl/Downloads/email_setting (copy) (1)/Email_Gateway/nest-email-gateway/src/auth/jwt-auth.guard.ts": {"path":"/home/gsl/Downloads/email_setting (copy) (1)/Email_Gateway/nest-email-gateway/src/auth/jwt-auth.guard.ts","statementMap":{"0":{"start":{"line":1,"column":0},"end":{"line":1,"column":62}},"1":{"start":{"line":2,"column":0},"end":{"line":2,"column":45}},"2":{"start":{"line":5,"column":7},"end":{"line":12,"column":null}},"3":{"start":{"line":7,"column":4},"end":{"line":9,"column":5}},"4":{"start":{"line":8,"column":6},"end":{"line":8,"column":18}},"5":{"start":{"line":10,"column":4},"end":{"line":10,"column":38}},"6":{"start":{"line":5,"column":13},"end":{"line":5,"column":25}},"7":{"start":{"line":5,"column":13},"end":{"line":12,"column":null}}},"fnMap":{"0":{"name":"(anonymous_1)","decl":{"start":{"line":6,"column":2},"end":{"line":6,"column":13}},"loc":{"start":{"line":6,"column":39},"end":{"line":11,"column":3}}}},"branchMap":{"0":{"loc":{"start":{"line":7,"column":4},"end":{"line":9,"column":5}},"type":"if","locations":[{"start":{"line":7,"column":4},"end":{"line":9,"column":5}},{"start":{},"end":{}}]}},"s":{"0":7,"1":7,"2":7,"3":0,"4":0,"5":0,"6":7,"7":7},"f":{"0":0},"b":{"0":[0,0]}}
,"/home/gsl/Downloads/email_setting (copy) (1)/Email_Gateway/nest-email-gateway/src/auth/dto/change-password.dto.ts": {"path":"/home/gsl/Downloads/email_setting (copy) (1)/Email_Gateway/nest-email-gateway/src/auth/dto/change-password.dto.ts","statementMap":{"0":{"start":{"line":1,"column":0},"end":{"line":1,"column":54}},"1":{"start":{"line":3,"column":0},"end":{"line":3,"column":13}},"2":{"start":{"line":6,"column":2},"end":{"line":6,"column":null}},"3":{"start":{"line":10,"column":2},"end":{"line":10,"column":null}}},"fnMap":{},"branchMap":{},"s":{"0":1,"1":1,"2":1,"3":1},"f":{},"b":{}}
,"/home/gsl/Downloads/email_setting (copy) (1)/Email_Gateway/nest-email-gateway/src/auth/dto/login.dto.ts": {"path":"/home/gsl/Downloads/email_setting (copy) (1)/Email_Gateway/nest-email-gateway/src/auth/dto/login.dto.ts","statementMap":{"0":{"start":{"line":1,"column":0},"end":{"line":1,"column":43}},"1":{"start":{"line":3,"column":0},"end":{"line":3,"column":13}},"2":{"start":{"line":5,"column":2},"end":{"line":5,"column":null}},"3":{"start":{"line":8,"column":2},"end":{"line":8,"column":null}}},"fnMap":{},"branchMap":{},"s":{"0":1,"1":1,"2":1,"3":1},"f":{},"b":{}}
,"/home/gsl/Downloads/email_setting (copy) (1)/Email_Gateway/nest-email-gateway/src/clients/clients.controller.ts": {"path":"/home/gsl/Downloads/email_setting (copy) (1)/Email_Gateway/nest-email-gateway/src/clients/clients.controller.ts","statementMap":{"0":{"start":{"line":1,"column":0},"end":{"line":1,"column":79}},"1":{"start":{"line":2,"column":0},"end":{"line":2,"column":49}},"2":{"start":{"line":3,"column":0},"end":{"line":3,"column":55}},"3":{"start":{"line":4,"column":0},"end":{"line":4,"column":51}},"4":{"start":{"line":5,"column":0},"end":{"line":5,"column":58}},"5":{"start":{"line":10,"column":7},"end":{"line":26,"column":null}},"6":{"start":{"line":11,"column":22},"end":{"line":11,"column":27}},"7":{"start":{"line":15,"column":14},"end":{"line":15,"column":62}},"8":{"start":{"line":16,"column":14},"end":{"line":16,"column":64}},"9":{"start":{"line":17,"column":17},"end":{"line":17,"column":45}},"10":{"start":{"line":18,"column":4},"end":{"line":18,"column":35}},"11":{"start":{"line":23,"column":17},"end":{"line":23,"column":44}},"12":{"start":{"line":24,"column":4},"end":{"line":24,"column":35}},"13":{"start":{"line":10,"column":13},"end":{"line":10,"column":30}},"14":{"start":{"line":14,"column":8},"end":{"line":19,"column":null}},"15":{"start":{"line":22,"column":8},"end":{"line":25,"column":null}},"16":{"start":{"line":10,"column":13},"end":{"line":26,"column":null}}},"fnMap":{"0":{"name":"(anonymous_4)","decl":{"start":{"line":11,"column":2},"end":{"line":11,"column":22}},"loc":{"start":{"line":11,"column":41},"end":{"line":11,"column":45}}},"1":{"name":"(anonymous_5)","decl":{"start":{"line":14,"column":8},"end":{"line":14,"column":11}},"loc":{"start":{"line":14,"column":70},"end":{"line":19,"column":3}}},"2":{"name":"(anonymous_6)","decl":{"start":{"line":22,"column":8},"end":{"line":22,"column":14}},"loc":{"start":{"line":22,"column":44},"end":{"line":25,"column":3}}}},"branchMap":{"0":{"loc":{"start":{"line":15,"column":14},"end":{"line":15,"column":62}},"type":"cond-expr","locations":[{"start":{"line":15,"column":46},"end":{"line":15,"column":58}},{"start":{"line":15,"column":61},"end":{"line":15,"column":62}}]},"1":{"loc":{"start":{"line":16,"column":14},"end":{"line":16,"column":64}},"type":"cond-expr","locations":[{"start":{"line":16,"column":46},"end":{"line":16,"column":58}},{"start":{"line":16,"column":61},"end":{"line":16,"column":64}}]},"2":{"loc":{"start":{"line":22,"column":29},"end":{"line":22,"column":null}},"type":"cond-expr","locations":[{"start":{"line":22,"column":44},"end":{"line":22,"column":null}},{"start":{"line":22,"column":44},"end":{"line":22,"column":null}}]},"3":{"loc":{"start":{"line":22,"column":29},"end":{"line":22,"column":44}},"type":"binary-expr","locations":[{"start":{"line":22,"column":29},"end":{"line":22,"column":null}},{"start":{"line":22,"column":29},"end":{"line":22,"column":44}}]},"4":{"loc":{"start":{"line":11,"column":27},"end":{"line":11,"column":44}},"type":"cond-expr","locations":[{"start":{"line":11,"column":41},"end":{"line":11,"column":44}},{"start":{"line":11,"column":41},"end":{"line":11,"column":44}}]},"5":{"loc":{"start":{"line":11,"column":27},"end":{"line":11,"column":41}},"type":"binary-expr","locations":[{"start":{"line":11,"column":27},"end":{"line":11,"column":44}},{"start":{"line":11,"column":27},"end":{"line":11,"column":41}}]}},"s":{"0":1,"1":1,"2":1,"3":1,"4":1,"5":1,"6":2,"7":1,"8":1,"9":1,"10":1,"11":1,"12":1,"13":1,"14":1,"15":1,"16":1},"f":{"0":2,"1":1,"2":1},"b":{"0":[1,0],"1":[1,0],"2":[1,0],"3":[1,1],"4":[1,0],"5":[1,1]}}
,"/home/gsl/Downloads/email_setting (copy) (1)/Email_Gateway/nest-email-gateway/src/clients/clients.service.ts": {"path":"/home/gsl/Downloads/email_setting (copy) (1)/Email_Gateway/nest-email-gateway/src/clients/clients.service.ts","statementMap":{"0":{"start":{"line":1,"column":0},"end":{"line":1,"column":44}},"1":{"start":{"line":2,"column":0},"end":{"line":2,"column":51}},"2":{"start":{"line":3,"column":0},"end":{"line":3,"column":52}},"3":{"start":{"line":4,"column":0},"end":{"line":4,"column":37}},"4":{"start":{"line":6,"column":0},"end":{"line":6,"column":45}},"5":{"start":{"line":7,"column":0},"end":{"line":7,"column":54}},"6":{"start":{"line":10,"column":7},"end":{"line":58,"column":null}},"7":{"start":{"line":12,"column":38},"end":{"line":12,"column":44}},"8":{"start":{"line":13,"column":39},"end":{"line":13,"column":46}},"9":{"start":{"line":14,"column":12},"end":{"line":14,"column":16}},"10":{"start":{"line":18,"column":20},"end":{"line":23,"column":6}},"11":{"start":{"line":24,"column":16},"end":{"line":24,"column":26}},"12":{"start":{"line":26,"column":22},"end":{"line":26,"column":46}},"13":{"start":{"line":26,"column":41},"end":{"line":26,"column":45}},"14":{"start":{"line":27,"column":30},"end":{"line":27,"column":58}},"15":{"start":{"line":28,"column":4},"end":{"line":39,"column":5}},"16":{"start":{"line":29,"column":27},"end":{"line":32,"column":8}},"17":{"start":{"line":31,"column":38},"end":{"line":31,"column":54}},"18":{"start":{"line":34,"column":6},"end":{"line":38,"column":7}},"19":{"start":{"line":35,"column":21},"end":{"line":35,"column":67}},"20":{"start":{"line":36,"column":8},"end":{"line":36,"column":22}},"21":{"start":{"line":37,"column":8},"end":{"line":37,"column":66}},"22":{"start":{"line":37,"column":25},"end":{"line":37,"column":66}},"23":{"start":{"line":41,"column":4},"end":{"line":49,"column":7}},"24":{"start":{"line":42,"column":18},"end":{"line":42,"column":51}},"25":{"start":{"line":43,"column":24},"end":{"line":43,"column":34}},"26":{"start":{"line":44,"column":24},"end":{"line":45,"column":null}},"27":{"start":{"line":45,"column":16},"end":{"line":45,"column":61}},"28":{"start":{"line":47,"column":21},"end":{"line":47,"column":53}},"29":{"start":{"line":48,"column":6},"end":{"line":48,"column":48}},"30":{"start":{"line":53,"column":16},"end":{"line":53,"column":41}},"31":{"start":{"line":54,"column":18},"end":{"line":54,"column":43}},"32":{"start":{"line":55,"column":4},"end":{"line":55,"column":39}},"33":{"start":{"line":56,"column":4},"end":{"line":56,"column":17}},"34":{"start":{"line":10,"column":13},"end":{"line":10,"column":27}},"35":{"start":{"line":10,"column":13},"end":{"line":58,"column":null}}},"fnMap":{"0":{"name":"(anonymous_4)","decl":{"start":{"line":11,"column":2},"end":{"line":11,"column":null}},"loc":{"start":{"line":14,"column":25},"end":{"line":15,"column":6}}},"1":{"name":"(anonymous_5)","decl":{"start":{"line":17,"column":2},"end":{"line":17,"column":7}},"loc":{"start":{"line":17,"column":36},"end":{"line":50,"column":3}}},"2":{"name":"(anonymous_6)","decl":{"start":{"line":26,"column":34},"end":{"line":26,"column":35}},"loc":{"start":{"line":26,"column":41},"end":{"line":26,"column":45}}},"3":{"name":"(anonymous_7)","decl":{"start":{"line":31,"column":29},"end":{"line":31,"column":30}},"loc":{"start":{"line":31,"column":38},"end":{"line":31,"column":54}}},"4":{"name":"(anonymous_8)","decl":{"start":{"line":41,"column":23},"end":{"line":41,"column":24}},"loc":{"start":{"line":41,"column":29},"end":{"line":49,"column":5}}},"5":{"name":"(anonymous_9)","decl":{"start":{"line":45,"column":8},"end":{"line":45,"column":9}},"loc":{"start":{"line":45,"column":16},"end":{"line":45,"column":61}}},"6":{"name":"(anonymous_10)","decl":{"start":{"line":52,"column":2},"end":{"line":52,"column":7}},"loc":{"start":{"line":52,"column":39},"end":{"line":57,"column":3}}}},"branchMap":{"0":{"loc":{"start":{"line":17,"column":16},"end":{"line":17,"column":24}},"type":"default-arg","locations":[{"start":{"line":17,"column":23},"end":{"line":17,"column":24}}]},"1":{"loc":{"start":{"line":17,"column":26},"end":{"line":17,"column":36}},"type":"default-arg","locations":[{"start":{"line":17,"column":33},"end":{"line":17,"column":36}}]},"2":{"loc":{"start":{"line":28,"column":4},"end":{"line":39,"column":5}},"type":"if","locations":[{"start":{"line":28,"column":4},"end":{"line":39,"column":5}},{"start":{},"end":{}}]},"3":{"loc":{"start":{"line":35,"column":21},"end":{"line":35,"column":67}},"type":"binary-expr","locations":[{"start":{"line":35,"column":21},"end":{"line":35,"column":61}},{"start":{"line":35,"column":65},"end":{"line":35,"column":67}}]},"4":{"loc":{"start":{"line":35,"column":43},"end":{"line":35,"column":60}},"type":"binary-expr","locations":[{"start":{"line":35,"column":43},"end":{"line":35,"column":54}},{"start":{"line":35,"column":58},"end":{"line":35,"column":60}}]},"5":{"loc":{"start":{"line":37,"column":8},"end":{"line":37,"column":66}},"type":"if","locations":[{"start":{"line":37,"column":8},"end":{"line":37,"column":66}},{"start":{},"end":{}}]},"6":{"loc":{"start":{"line":42,"column":18},"end":{"line":42,"column":51}},"type":"binary-expr","locations":[{"start":{"line":42,"column":18},"end":{"line":42,"column":45}},{"start":{"line":42,"column":49},"end":{"line":42,"column":51}}]},"7":{"loc":{"start":{"line":45,"column":16},"end":{"line":45,"column":61}},"type":"binary-expr","locations":[{"start":{"line":45,"column":16},"end":{"line":45,"column":34}},{"start":{"line":45,"column":38},"end":{"line":45,"column":61}}]},"8":{"loc":{"start":{"line":47,"column":21},"end":{"line":47,"column":53}},"type":"cond-expr","locations":[{"start":{"line":47,"column":33},"end":{"line":47,"column":41}},{"start":{"line":47,"column":44},"end":{"line":47,"column":53}}]},"9":{"loc":{"start":{"line":12,"column":44},"end":{"line":12,"column":62}},"type":"cond-expr","locations":[{"start":{"line":12,"column":54},"end":{"line":12,"column":62}},{"start":{"line":12,"column":54},"end":{"line":12,"column":62}}]},"10":{"loc":{"start":{"line":12,"column":44},"end":{"line":12,"column":54}},"type":"binary-expr","locations":[{"start":{"line":12,"column":44},"end":{"line":12,"column":62}},{"start":{"line":12,"column":44},"end":{"line":12,"column":54}}]},"11":{"loc":{"start":{"line":12,"column":54},"end":{"line":13,"column":65}},"type":"cond-expr","locations":[{"start":{"line":13,"column":56},"end":{"line":13,"column":65}},{"start":{"line":13,"column":56},"end":{"line":13,"column":65}}]},"12":{"loc":{"start":{"line":12,"column":54},"end":{"line":13,"column":56}},"type":"binary-expr","locations":[{"start":{"line":12,"column":54},"end":{"line":13,"column":65}},{"start":{"line":13,"column":46},"end":{"line":13,"column":56}}]},"13":{"loc":{"start":{"line":13,"column":56},"end":{"line":14,"column":null}},"type":"cond-expr","locations":[{"start":{"line":14,"column":25},"end":{"line":14,"column":null}},{"start":{"line":14,"column":25},"end":{"line":14,"column":null}}]},"14":{"loc":{"start":{"line":13,"column":56},"end":{"line":14,"column":25}},"type":"binary-expr","locations":[{"start":{"line":13,"column":56},"end":{"line":14,"column":null}},{"start":{"line":14,"column":16},"end":{"line":14,"column":25}}]}},"s":{"0":2,"1":2,"2":2,"3":2,"4":2,"5":2,"6":2,"7":2,"8":2,"9":2,"10":1,"11":1,"12":1,"13":1,"14":1,"15":1,"16":1,"17":1,"18":1,"19":1,"20":1,"21":1,"22":1,"23":1,"24":1,"25":1,"26":1,"27":1,"28":1,"29":1,"30":1,"31":1,"32":1,"33":1,"34":2,"35":2},"f":{"0":2,"1":1,"2":1,"3":1,"4":1,"5":1,"6":1},"b":{"0":[1],"1":[1],"2":[1,0],"3":[1,1],"4":[1,0],"5":[1,0],"6":[1,0],"7":[1,1],"8":[1,0],"9":[2,0],"10":[2,2],"11":[2,0],"12":[2,2],"13":[2,0],"14":[2,2]}}
,"/home/gsl/Downloads/email_setting (copy) (1)/Email_Gateway/nest-email-gateway/src/clients/dto/create-client.dto.ts": {"path":"/home/gsl/Downloads/email_setting (copy) (1)/Email_Gateway/nest-email-gateway/src/clients/dto/create-client.dto.ts","statementMap":{"0":{"start":{"line":1,"column":0},"end":{"line":1,"column":66}},"1":{"start":{"line":3,"column":0},"end":{"line":3,"column":13}},"2":{"start":{"line":6,"column":2},"end":{"line":6,"column":null}},"3":{"start":{"line":10,"column":2},"end":{"line":10,"column":null}},"4":{"start":{"line":14,"column":2},"end":{"line":14,"column":null}}},"fnMap":{},"branchMap":{},"s":{"0":1,"1":1,"2":1,"3":1,"4":1},"f":{},"b":{}}
,"/home/gsl/Downloads/email_setting (copy) (1)/Email_Gateway/nest-email-gateway/src/config/oauth.config.ts": {"path":"/home/gsl/Downloads/email_setting (copy) (1)/Email_Gateway/nest-email-gateway/src/config/oauth.config.ts","statementMap":{"0":{"start":{"line":1,"column":13},"end":{"line":20,"column":11}}},"fnMap":{},"branchMap":{},"s":{"0":1},"f":{},"b":{}}
,"/home/gsl/Downloads/email_setting (copy) (1)/Email_Gateway/nest-email-gateway/src/entities/client.entity.ts": {"path":"/home/gsl/Downloads/email_setting (copy) (1)/Email_Gateway/nest-email-gateway/src/entities/client.entity.ts","statementMap":{"0":{"start":{"line":1,"column":0},"end":{"line":1,"column":null}},"1":{"start":{"line":9,"column":7},"end":{"line":24,"column":null}},"2":{"start":{"line":9,"column":13},"end":{"line":9,"column":19}},"3":{"start":{"line":11,"column":2},"end":{"line":11,"column":null}},"4":{"start":{"line":14,"column":2},"end":{"line":14,"column":null}},"5":{"start":{"line":17,"column":2},"end":{"line":17,"column":null}},"6":{"start":{"line":20,"column":2},"end":{"line":20,"column":null}},"7":{"start":{"line":23,"column":2},"end":{"line":23,"column":null}},"8":{"start":{"line":9,"column":13},"end":{"line":24,"column":null}}},"fnMap":{},"branchMap":{"0":{"loc":{"start":{"line":23,"column":13},"end":{"line":23,"column":18}},"type":"cond-expr","locations":[{"start":{"line":23,"column":17},"end":{"line":23,"column":18}},{"start":{"line":23,"column":17},"end":{"line":23,"column":18}}]},"1":{"loc":{"start":{"line":23,"column":13},"end":{"line":23,"column":17}},"type":"binary-expr","locations":[{"start":{"line":23,"column":13},"end":{"line":23,"column":18}},{"start":{"line":23,"column":13},"end":{"line":23,"column":17}}]}},"s":{"0":12,"1":12,"2":12,"3":12,"4":12,"5":12,"6":12,"7":12,"8":12},"f":{},"b":{"0":[12,0],"1":[12,12]}}
,"/home/gsl/Downloads/email_setting (copy) (1)/Email_Gateway/nest-email-gateway/src/entities/event.entity.ts": {"path":"/home/gsl/Downloads/email_setting (copy) (1)/Email_Gateway/nest-email-gateway/src/entities/event.entity.ts","statementMap":{"0":{"start":{"line":1,"column":0},"end":{"line":1,"column":null}},"1":{"start":{"line":10,"column":0},"end":{"line":10,"column":43}},"2":{"start":{"line":16,"column":7},"end":{"line":47,"column":null}},"3":{"start":{"line":16,"column":13},"end":{"line":16,"column":18}},"4":{"start":{"line":18,"column":2},"end":{"line":18,"column":null}},"5":{"start":{"line":22,"column":2},"end":{"line":22,"column":null}},"6":{"start":{"line":20,"column":19},"end":{"line":20,"column":26}},"7":{"start":{"line":25,"column":2},"end":{"line":25,"column":null}},"8":{"start":{"line":28,"column":2},"end":{"line":28,"column":null}},"9":{"start":{"line":31,"column":2},"end":{"line":31,"column":null}},"10":{"start":{"line":34,"column":2},"end":{"line":34,"column":null}},"11":{"start":{"line":37,"column":2},"end":{"line":37,"column":null}},"12":{"start":{"line":40,"column":2},"end":{"line":40,"column":null}},"13":{"start":{"line":39,"column":48},"end":{"line":39,"column":67}},"14":{"start":{"line":43,"column":2},"end":{"line":43,"column":null}},"15":{"start":{"line":46,"column":2},"end":{"line":46,"column":null}},"16":{"start":{"line":16,"column":13},"end":{"line":47,"column":null}}},"fnMap":{"0":{"name":"(anonymous_2)","decl":{"start":{"line":20,"column":13},"end":{"line":20,"column":16}},"loc":{"start":{"line":20,"column":19},"end":{"line":20,"column":26}}},"1":{"name":"(anonymous_3)","decl":{"start":{"line":39,"column":42},"end":{"line":39,"column":45}},"loc":{"start":{"line":39,"column":48},"end":{"line":39,"column":67}}}},"branchMap":{"0":{"loc":{"start":{"line":22,"column":11},"end":{"line":22,"column":19}},"type":"cond-expr","locations":[{"start":{"line":22,"column":18},"end":{"line":22,"column":19}},{"start":{"line":22,"column":18},"end":{"line":22,"column":19}}]},"1":{"loc":{"start":{"line":22,"column":11},"end":{"line":22,"column":18}},"type":"binary-expr","locations":[{"start":{"line":22,"column":11},"end":{"line":22,"column":19}},{"start":{"line":22,"column":11},"end":{"line":22,"column":18}}]},"2":{"loc":{"start":{"line":40,"column":13},"end":{"line":40,"column":18}},"type":"cond-expr","locations":[{"start":{"line":40,"column":17},"end":{"line":40,"column":18}},{"start":{"line":40,"column":17},"end":{"line":40,"column":18}}]},"3":{"loc":{"start":{"line":40,"column":13},"end":{"line":40,"column":17}},"type":"binary-expr","locations":[{"start":{"line":40,"column":13},"end":{"line":40,"column":18}},{"start":{"line":40,"column":13},"end":{"line":40,"column":17}}]}},"s":{"0":5,"1":5,"2":5,"3":5,"4":5,"5":5,"6":0,"7":5,"8":5,"9":5,"10":5,"11":5,"12":5,"13":0,"14":5,"15":5,"16":5},"f":{"0":0,"1":0},"b":{"0":[5,0],"1":[5,5],"2":[5,0],"3":[5,5]}}
,"/home/gsl/Downloads/email_setting (copy) (1)/Email_Gateway/nest-email-gateway/src/entities/mailbox.entity.ts": {"path":"/home/gsl/Downloads/email_setting (copy) (1)/Email_Gateway/nest-email-gateway/src/entities/mailbox.entity.ts","statementMap":{"0":{"start":{"line":1,"column":0},"end":{"line":1,"column":null}},"1":{"start":{"line":12,"column":0},"end":{"line":12,"column":41}},"2":{"start":{"line":19,"column":7},"end":{"line":50,"column":null}},"3":{"start":{"line":19,"column":13},"end":{"line":19,"column":20}},"4":{"start":{"line":21,"column":2},"end":{"line":21,"column":null}},"5":{"start":{"line":24,"column":2},"end":{"line":24,"column":null}},"6":{"start":{"line":27,"column":2},"end":{"line":27,"column":null}},"7":{"start":{"line":30,"column":2},"end":{"line":30,"column":null}},"8":{"start":{"line":33,"column":2},"end":{"line":33,"column":null}},"9":{"start":{"line":36,"column":2},"end":{"line":36,"column":null}},"10":{"start":{"line":40,"column":2},"end":{"line":40,"column":null}},"11":{"start":{"line":38,"column":19},"end":{"line":38,"column":25}},"12":{"start":{"line":43,"column":2},"end":{"line":43,"column":null}},"13":{"start":{"line":46,"column":2},"end":{"line":46,"column":null}},"14":{"start":{"line":49,"column":2},"end":{"line":49,"column":null}},"15":{"start":{"line":19,"column":13},"end":{"line":50,"column":null}}},"fnMap":{"0":{"name":"(anonymous_2)","decl":{"start":{"line":38,"column":13},"end":{"line":38,"column":16}},"loc":{"start":{"line":38,"column":19},"end":{"line":38,"column":25}}}},"branchMap":{"0":{"loc":{"start":{"line":40,"column":10},"end":{"line":40,"column":17}},"type":"cond-expr","locations":[{"start":{"line":40,"column":16},"end":{"line":40,"column":17}},{"start":{"line":40,"column":16},"end":{"line":40,"column":17}}]},"1":{"loc":{"start":{"line":40,"column":10},"end":{"line":40,"column":16}},"type":"binary-expr","locations":[{"start":{"line":40,"column":10},"end":{"line":40,"column":17}},{"start":{"line":40,"column":10},"end":{"line":40,"column":16}}]},"2":{"loc":{"start":{"line":46,"column":11},"end":{"line":46,"column":16}},"type":"cond-expr","locations":[{"start":{"line":46,"column":15},"end":{"line":46,"column":16}},{"start":{"line":46,"column":15},"end":{"line":46,"column":16}}]},"3":{"loc":{"start":{"line":46,"column":11},"end":{"line":46,"column":15}},"type":"binary-expr","locations":[{"start":{"line":46,"column":11},"end":{"line":46,"column":16}},{"start":{"line":46,"column":11},"end":{"line":46,"column":15}}]},"4":{"loc":{"start":{"line":49,"column":13},"end":{"line":49,"column":18}},"type":"cond-expr","locations":[{"start":{"line":49,"column":17},"end":{"line":49,"column":18}},{"start":{"line":49,"column":17},"end":{"line":49,"column":18}}]},"5":{"loc":{"start":{"line":49,"column":13},"end":{"line":49,"column":17}},"type":"binary-expr","locations":[{"start":{"line":49,"column":13},"end":{"line":49,"column":18}},{"start":{"line":49,"column":13},"end":{"line":49,"column":17}}]}},"s":{"0":12,"1":12,"2":12,"3":12,"4":12,"5":12,"6":12,"7":12,"8":12,"9":12,"10":12,"11":0,"12":12,"13":12,"14":12,"15":12},"f":{"0":0},"b":{"0":[12,0],"1":[12,12],"2":[12,0],"3":[12,12],"4":[12,0],"5":[12,12]}}
,"/home/gsl/Downloads/email_setting (copy) (1)/Email_Gateway/nest-email-gateway/src/entities/user.entity.ts": {"path":"/home/gsl/Downloads/email_setting (copy) (1)/Email_Gateway/nest-email-gateway/src/entities/user.entity.ts","statementMap":{"0":{"start":{"line":1,"column":0},"end":{"line":1,"column":null}},"1":{"start":{"line":9,"column":7},"end":{"line":27,"column":null}},"2":{"start":{"line":9,"column":13},"end":{"line":9,"column":17}},"3":{"start":{"line":11,"column":2},"end":{"line":11,"column":null}},"4":{"start":{"line":14,"column":2},"end":{"line":14,"column":null}},"5":{"start":{"line":17,"column":2},"end":{"line":17,"column":null}},"6":{"start":{"line":20,"column":2},"end":{"line":20,"column":null}},"7":{"start":{"line":23,"column":2},"end":{"line":23,"column":null}},"8":{"start":{"line":26,"column":2},"end":{"line":26,"column":null}},"9":{"start":{"line":9,"column":13},"end":{"line":27,"column":null}}},"fnMap":{},"branchMap":{"0":{"loc":{"start":{"line":26,"column":13},"end":{"line":26,"column":18}},"type":"cond-expr","locations":[{"start":{"line":26,"column":17},"end":{"line":26,"column":18}},{"start":{"line":26,"column":17},"end":{"line":26,"column":18}}]},"1":{"loc":{"start":{"line":26,"column":13},"end":{"line":26,"column":17}},"type":"binary-expr","locations":[{"start":{"line":26,"column":13},"end":{"line":26,"column":18}},{"start":{"line":26,"column":13},"end":{"line":26,"column":17}}]}},"s":{"0":2,"1":2,"2":2,"3":2,"4":2,"5":2,"6":2,"7":2,"8":2,"9":2},"f":{},"b":{"0":[2,0],"1":[2,2]}}
,"/home/gsl/Downloads/email_setting (copy) (1)/Email_Gateway/nest-email-gateway/src/events/events.controller.ts": {"path":"/home/gsl/Downloads/email_setting (copy) (1)/Email_Gateway/nest-email-gateway/src/events/events.controller.ts","statementMap":{"0":{"start":{"line":1,"column":0},"end":{"line":1,"column":null}},"1":{"start":{"line":11,"column":0},"end":{"line":11,"column":49}},"2":{"start":{"line":12,"column":0},"end":{"line":12,"column":49}},"3":{"start":{"line":13,"column":0},"end":{"line":13,"column":55}},"4":{"start":{"line":15,"column":0},"end":{"line":15,"column":56}},"5":{"start":{"line":19,"column":7},"end":{"line":57,"column":null}},"6":{"start":{"line":20,"column":22},"end":{"line":20,"column":27}},"7":{"start":{"line":24,"column":19},"end":{"line":24,"column":51}},"8":{"start":{"line":25,"column":4},"end":{"line":30,"column":5}},"9":{"start":{"line":26,"column":23},"end":{"line":26,"column":75}},"10":{"start":{"line":27,"column":6},"end":{"line":29,"column":7}},"11":{"start":{"line":28,"column":8},"end":{"line":28,"column":65}},"12":{"start":{"line":31,"column":75},"end":{"line":40,"column":6}},"13":{"start":{"line":42,"column":18},"end":{"line":42,"column":61}},"14":{"start":{"line":43,"column":4},"end":{"line":43,"column":42}},"15":{"start":{"line":54,"column":17},"end":{"line":54,"column":77}},"16":{"start":{"line":55,"column":4},"end":{"line":55,"column":35}},"17":{"start":{"line":19,"column":13},"end":{"line":19,"column":29}},"18":{"start":{"line":23,"column":8},"end":{"line":44,"column":null}},"19":{"start":{"line":48,"column":8},"end":{"line":56,"column":null}},"20":{"start":{"line":19,"column":13},"end":{"line":57,"column":null}}},"fnMap":{"0":{"name":"(anonymous_4)","decl":{"start":{"line":20,"column":2},"end":{"line":20,"column":22}},"loc":{"start":{"line":20,"column":40},"end":{"line":20,"column":44}}},"1":{"name":"(anonymous_5)","decl":{"start":{"line":23,"column":8},"end":{"line":23,"column":14}},"loc":{"start":{"line":23,"column":67},"end":{"line":44,"column":3}}},"2":{"name":"(anonymous_6)","decl":{"start":{"line":48,"column":8},"end":{"line":48,"column":11}},"loc":{"start":{"line":52,"column":32},"end":{"line":56,"column":3}}}},"branchMap":{"0":{"loc":{"start":{"line":25,"column":4},"end":{"line":30,"column":5}},"type":"if","locations":[{"start":{"line":25,"column":4},"end":{"line":30,"column":5}},{"start":{},"end":{}}]},"1":{"loc":{"start":{"line":27,"column":6},"end":{"line":29,"column":7}},"type":"if","locations":[{"start":{"line":27,"column":6},"end":{"line":29,"column":7}},{"start":{},"end":{}}]},"2":{"loc":{"start":{"line":27,"column":10},"end":{"line":27,"column":42}},"type":"binary-expr","locations":[{"start":{"line":27,"column":10},"end":{"line":27,"column":19}},{"start":{"line":27,"column":23},"end":{"line":27,"column":42}}]},"3":{"loc":{"start":{"line":35,"column":17},"end":{"line":35,"column":77}},"type":"cond-expr","locations":[{"start":{"line":35,"column":37},"end":{"line":35,"column":64}},{"start":{"line":35,"column":67},"end":{"line":35,"column":77}}]},"4":{"loc":{"start":{"line":36,"column":16},"end":{"line":36,"column":45}},"type":"binary-expr","locations":[{"start":{"line":36,"column":16},"end":{"line":36,"column":32}},{"start":{"line":36,"column":36},"end":{"line":36,"column":45}}]},"5":{"loc":{"start":{"line":37,"column":15},"end":{"line":37,"column":43}},"type":"binary-expr","locations":[{"start":{"line":37,"column":15},"end":{"line":37,"column":30}},{"start":{"line":37,"column":34},"end":{"line":37,"column":43}}]},"6":{"loc":{"start":{"line":38,"column":14},"end":{"line":38,"column":41}},"type":"binary-expr","locations":[{"start":{"line":38,"column":14},"end":{"line":38,"column":28}},{"start":{"line":38,"column":32},"end":{"line":38,"column":41}}]},"7":{"loc":{"start":{"line":39,"column":19},"end":{"line":39,"column":44}},"type":"binary-expr","locations":[{"start":{"line":39,"column":19},"end":{"line":39,"column":38}},{"start":{"line":39,"column":42},"end":{"line":39,"column":44}}]},"8":{"loc":{"start":{"line":49,"column":20},"end":{"line":49,"column":33}},"type":"default-arg","locations":[{"start":{"line":49,"column":28},"end":{"line":49,"column":33}}]},"9":{"loc":{"start":{"line":23,"column":32},"end":{"line":23,"column":49}},"type":"cond-expr","locations":[{"start":{"line":23,"column":46},"end":{"line":23,"column":49}},{"start":{"line":23,"column":46},"end":{"line":23,"column":49}}]},"10":{"loc":{"start":{"line":23,"column":32},"end":{"line":23,"column":46}},"type":"binary-expr","locations":[{"start":{"line":23,"column":32},"end":{"line":23,"column":49}},{"start":{"line":23,"column":32},"end":{"line":23,"column":46}}]},"11":{"loc":{"start":{"line":20,"column":27},"end":{"line":20,"column":43}},"type":"cond-expr","locations":[{"start":{"line":20,"column":40},"end":{"line":20,"column":43}},{"start":{"line":20,"column":40},"end":{"line":20,"column":43}}]},"12":{"loc":{"start":{"line":20,"column":27},"end":{"line":20,"column":40}},"type":"binary-expr","locations":[{"start":{"line":20,"column":27},"end":{"line":20,"column":43}},{"start":{"line":20,"column":27},"end":{"line":20,"column":40}}]}},"s":{"0":1,"1":1,"2":1,"3":1,"4":1,"5":1,"6":3,"7":2,"8":2,"9":2,"10":2,"11":1,"12":1,"13":1,"14":1,"15":1,"16":1,"17":1,"18":1,"19":1,"20":1},"f":{"0":3,"1":2,"2":1},"b":{"0":[2,0],"1":[1,1],"2":[2,2],"3":[0,1],"4":[1,1],"5":[1,1],"6":[1,1],"7":[1,1],"8":[0],"9":[1,0],"10":[1,1],"11":[1,0],"12":[1,1]}}
,"/home/gsl/Downloads/email_setting (copy) (1)/Email_Gateway/nest-email-gateway/src/events/events.service.ts": {"path":"/home/gsl/Downloads/email_setting (copy) (1)/Email_Gateway/nest-email-gateway/src/events/events.service.ts","statementMap":{"0":{"start":{"line":1,"column":0},"end":{"line":1,"column":44}},"1":{"start":{"line":2,"column":0},"end":{"line":2,"column":45}},"2":{"start":{"line":3,"column":0},"end":{"line":3,"column":51}},"3":{"start":{"line":4,"column":0},"end":{"line":4,"column":50}},"4":{"start":{"line":5,"column":0},"end":{"line":5,"column":37}},"5":{"start":{"line":8,"column":7},"end":{"line":48,"column":null}},"6":{"start":{"line":10,"column":37},"end":{"line":10,"column":43}},"7":{"start":{"line":11,"column":12},"end":{"line":11,"column":16}},"8":{"start":{"line":14,"column":14},"end":{"line":14,"column":49}},"9":{"start":{"line":15,"column":18},"end":{"line":15,"column":41}},"10":{"start":{"line":17,"column":4},"end":{"line":17,"column":39}},"11":{"start":{"line":18,"column":4},"end":{"line":18,"column":17}},"12":{"start":{"line":22,"column":13},"end":{"line":27,"column":18}},"13":{"start":{"line":28,"column":4},"end":{"line":32,"column":5}},"14":{"start":{"line":29,"column":6},"end":{"line":31,"column":9}},"15":{"start":{"line":34,"column":4},"end":{"line":36,"column":5}},"16":{"start":{"line":35,"column":6},"end":{"line":35,"column":69}},"17":{"start":{"line":37,"column":4},"end":{"line":45,"column":5}},"18":{"start":{"line":38,"column":20},"end":{"line":38,"column":34}},"19":{"start":{"line":39,"column":18},"end":{"line":39,"column":32}},"20":{"start":{"line":40,"column":6},"end":{"line":40,"column":37}},"21":{"start":{"line":41,"column":6},"end":{"line":44,"column":9}},"22":{"start":{"line":46,"column":4},"end":{"line":46,"column":24}},"23":{"start":{"line":8,"column":13},"end":{"line":8,"column":26}},"24":{"start":{"line":8,"column":13},"end":{"line":48,"column":null}}},"fnMap":{"0":{"name":"(anonymous_4)","decl":{"start":{"line":9,"column":2},"end":{"line":9,"column":null}},"loc":{"start":{"line":11,"column":25},"end":{"line":12,"column":6}}},"1":{"name":"(anonymous_5)","decl":{"start":{"line":13,"column":2},"end":{"line":13,"column":7}},"loc":{"start":{"line":13,"column":51},"end":{"line":19,"column":3}}},"2":{"name":"(anonymous_6)","decl":{"start":{"line":21,"column":2},"end":{"line":21,"column":7}},"loc":{"start":{"line":21,"column":77},"end":{"line":47,"column":3}}}},"branchMap":{"0":{"loc":{"start":{"line":21,"column":13},"end":{"line":21,"column":24}},"type":"default-arg","locations":[{"start":{"line":21,"column":21},"end":{"line":21,"column":24}}]},"1":{"loc":{"start":{"line":28,"column":4},"end":{"line":32,"column":5}},"type":"if","locations":[{"start":{"line":28,"column":4},"end":{"line":32,"column":5}},{"start":{},"end":{}}]},"2":{"loc":{"start":{"line":34,"column":4},"end":{"line":36,"column":5}},"type":"if","locations":[{"start":{"line":34,"column":4},"end":{"line":36,"column":5}},{"start":{},"end":{}}]},"3":{"loc":{"start":{"line":37,"column":4},"end":{"line":45,"column":5}},"type":"if","locations":[{"start":{"line":37,"column":4},"end":{"line":45,"column":5}},{"start":{},"end":{}}]},"4":{"loc":{"start":{"line":10,"column":43},"end":{"line":10,"column":60}},"type":"cond-expr","locations":[{"start":{"line":10,"column":53},"end":{"line":10,"column":60}},{"start":{"line":10,"column":53},"end":{"line":10,"column":60}}]},"5":{"loc":{"start":{"line":10,"column":43},"end":{"line":10,"column":53}},"type":"binary-expr","locations":[{"start":{"line":10,"column":43},"end":{"line":10,"column":60}},{"start":{"line":10,"column":43},"end":{"line":10,"column":53}}]},"6":{"loc":{"start":{"line":10,"column":53},"end":{"line":11,"column":null}},"type":"cond-expr","locations":[{"start":{"line":11,"column":25},"end":{"line":11,"column":null}},{"start":{"line":11,"column":25},"end":{"line":11,"column":null}}]},"7":{"loc":{"start":{"line":10,"column":53},"end":{"line":11,"column":25}},"type":"binary-expr","locations":[{"start":{"line":10,"column":53},"end":{"line":11,"column":null}},{"start":{"line":11,"column":16},"end":{"line":11,"column":25}}]}},"s":{"0":5,"1":5,"2":5,"3":5,"4":5,"5":5,"6":2,"7":2,"8":1,"9":1,"10":1,"11":1,"12":1,"13":1,"14":1,"15":1,"16":1,"17":1,"18":1,"19":1,"20":1,"21":1,"22":1,"23":5,"24":5},"f":{"0":2,"1":1,"2":1},"b":{"0":[0],"1":[1,0],"2":[1,0],"3":[1,0],"4":[5,0],"5":[5,5],"6":[5,0],"7":[5,5]}}
,"/home/gsl/Downloads/email_setting (copy) (1)/Email_Gateway/nest-email-gateway/src/events/dto/create-event.dto.ts": {"path":"/home/gsl/Downloads/email_setting (copy) (1)/Email_Gateway/nest-email-gateway/src/events/dto/create-event.dto.ts","statementMap":{"0":{"start":{"line":1,"column":0},"end":{"line":1,"column":null}},"1":{"start":{"line":10,"column":0},"end":{"line":10,"column":13}},"2":{"start":{"line":12,"column":2},"end":{"line":12,"column":null}},"3":{"start":{"line":15,"column":2},"end":{"line":15,"column":null}},"4":{"start":{"line":18,"column":2},"end":{"line":18,"column":null}},"5":{"start":{"line":22,"column":2},"end":{"line":22,"column":null}},"6":{"start":{"line":26,"column":2},"end":{"line":26,"column":null}},"7":{"start":{"line":30,"column":2},"end":{"line":30,"column":null}},"8":{"start":{"line":34,"column":2},"end":{"line":34,"column":null}},"9":{"start":{"line":38,"column":2},"end":{"line":38,"column":null}}},"fnMap":{},"branchMap":{"0":{"loc":{"start":{"line":38,"column":16},"end":{"line":38,"column":72}},"type":"cond-expr","locations":[{"start":{"line":38,"column":21},"end":{"line":38,"column":72}},{"start":{"line":38,"column":21},"end":{"line":38,"column":72}}]},"1":{"loc":{"start":{"line":38,"column":16},"end":{"line":38,"column":21}},"type":"binary-expr","locations":[{"start":{"line":38,"column":16},"end":{"line":38,"column":72}},{"start":{"line":38,"column":16},"end":{"line":38,"column":21}}]}},"s":{"0":1,"1":1,"2":1,"3":1,"4":1,"5":1,"6":1,"7":1,"8":1,"9":1},"f":{},"b":{"0":[1,0],"1":[1,1]}}
,"/home/gsl/Downloads/email_setting (copy) (1)/Email_Gateway/nest-email-gateway/src/health/health.controller.ts": {"path":"/home/gsl/Downloads/email_setting (copy) (1)/Email_Gateway/nest-email-gateway/src/health/health.controller.ts","statementMap":{"0":{"start":{"line":1,"column":0},"end":{"line":1,"column":49}},"1":{"start":{"line":2,"column":0},"end":{"line":2,"column":null}},"2":{"start":{"line":9,"column":7},"end":{"line":20,"column":null}},"3":{"start":{"line":11,"column":21},"end":{"line":11,"column":29}},"4":{"start":{"line":12,"column":21},"end":{"line":12,"column":25}},"5":{"start":{"line":18,"column":4},"end":{"line":18,"column":68}},"6":{"start":{"line":18,"column":36},"end":{"line":18,"column":65}},"7":{"start":{"line":9,"column":13},"end":{"line":9,"column":29}},"8":{"start":{"line":17,"column":2},"end":{"line":19,"column":null}},"9":{"start":{"line":9,"column":13},"end":{"line":20,"column":null}}},"fnMap":{"0":{"name":"(anonymous_2)","decl":{"start":{"line":10,"column":2},"end":{"line":10,"column":null}},"loc":{"start":{"line":12,"column":47},"end":{"line":13,"column":6}}},"1":{"name":"(anonymous_3)","decl":{"start":{"line":17,"column":2},"end":{"line":17,"column":7}},"loc":{"start":{"line":17,"column":7},"end":{"line":19,"column":3}}},"2":{"name":"(anonymous_4)","decl":{"start":{"line":18,"column":30},"end":{"line":18,"column":33}},"loc":{"start":{"line":18,"column":36},"end":{"line":18,"column":65}}}},"branchMap":{"0":{"loc":{"start":{"line":11,"column":29},"end":{"line":11,"column":null}},"type":"cond-expr","locations":[{"start":{"line":11,"column":47},"end":{"line":11,"column":null}},{"start":{"line":11,"column":47},"end":{"line":11,"column":null}}]},"1":{"loc":{"start":{"line":11,"column":29},"end":{"line":11,"column":47}},"type":"binary-expr","locations":[{"start":{"line":11,"column":29},"end":{"line":11,"column":null}},{"start":{"line":11,"column":29},"end":{"line":11,"column":47}}]},"2":{"loc":{"start":{"line":11,"column":47},"end":{"line":12,"column":null}},"type":"cond-expr","locations":[{"start":{"line":12,"column":47},"end":{"line":12,"column":null}},{"start":{"line":12,"column":47},"end":{"line":12,"column":null}}]},"3":{"loc":{"start":{"line":11,"column":47},"end":{"line":12,"column":47}},"type":"binary-expr","locations":[{"start":{"line":11,"column":47},"end":{"line":12,"column":null}},{"start":{"line":12,"column":25},"end":{"line":12,"column":47}}]}},"s":{"0":1,"1":1,"2":1,"3":2,"4":2,"5":1,"6":1,"7":1,"8":1,"9":1},"f":{"0":2,"1":1,"2":1},"b":{"0":[1,0],"1":[1,1],"2":[1,0],"3":[1,1]}}
,"/home/gsl/Downloads/email_setting (copy) (1)/Email_Gateway/nest-email-gateway/src/mail/mail.controller.ts": {"path":"/home/gsl/Downloads/email_setting (copy) (1)/Email_Gateway/nest-email-gateway/src/mail/mail.controller.ts","statementMap":{"0":{"start":{"line":1,"column":0},"end":{"line":1,"column":null}},"1":{"start":{"line":11,"column":0},"end":{"line":11,"column":45}},"2":{"start":{"line":12,"column":0},"end":{"line":12,"column":55}},"3":{"start":{"line":13,"column":0},"end":{"line":13,"column":59}},"4":{"start":{"line":16,"column":0},"end":{"line":16,"column":50}},"5":{"start":{"line":19,"column":7},"end":{"line":61,"column":null}},"6":{"start":{"line":20,"column":22},"end":{"line":20,"column":27}},"7":{"start":{"line":32,"column":8},"end":{"line":32,"column":18}},"8":{"start":{"line":33,"column":4},"end":{"line":35,"column":5}},"9":{"start":{"line":34,"column":6},"end":{"line":34,"column":22}},"10":{"start":{"line":36,"column":4},"end":{"line":50,"column":5}},"11":{"start":{"line":37,"column":18},"end":{"line":41,"column":8}},"12":{"start":{"line":42,"column":6},"end":{"line":49,"column":7}},"13":{"start":{"line":43,"column":9},"end":{"line":43,"column":44}},"14":{"start":{"line":44,"column":13},"end":{"line":49,"column":7}},"15":{"start":{"line":45,"column":9},"end":{"line":45,"column":68}},"16":{"start":{"line":46,"column":8},"end":{"line":46,"column":40}},"17":{"start":{"line":48,"column":9},"end":{"line":48,"column":42}},"18":{"start":{"line":51,"column":16},"end":{"line":51,"column":48}},"19":{"start":{"line":52,"column":4},"end":{"line":52,"column":44}},"20":{"start":{"line":58,"column":14},"end":{"line":58,"column":40}},"21":{"start":{"line":59,"column":4},"end":{"line":59,"column":38}},"22":{"start":{"line":19,"column":13},"end":{"line":19,"column":27}},"23":{"start":{"line":25,"column":8},"end":{"line":53,"column":null}},"24":{"start":{"line":57,"column":8},"end":{"line":60,"column":null}},"25":{"start":{"line":19,"column":13},"end":{"line":61,"column":null}}},"fnMap":{"0":{"name":"(anonymous_4)","decl":{"start":{"line":20,"column":2},"end":{"line":20,"column":22}},"loc":{"start":{"line":20,"column":38},"end":{"line":20,"column":42}}},"1":{"name":"(anonymous_5)","decl":{"start":{"line":25,"column":8},"end":{"line":25,"column":12}},"loc":{"start":{"line":28,"column":37},"end":{"line":53,"column":3}}},"2":{"name":"(anonymous_6)","decl":{"start":{"line":57,"column":8},"end":{"line":57,"column":13}},"loc":{"start":{"line":57,"column":13},"end":{"line":60,"column":3}}}},"branchMap":{"0":{"loc":{"start":{"line":33,"column":4},"end":{"line":35,"column":5}},"type":"if","locations":[{"start":{"line":33,"column":4},"end":{"line":35,"column":5}},{"start":{},"end":{}}]},"1":{"loc":{"start":{"line":33,"column":8},"end":{"line":33,"column":47}},"type":"binary-expr","locations":[{"start":{"line":33,"column":8},"end":{"line":33,"column":13}},{"start":{"line":33,"column":17},"end":{"line":33,"column":47}}]},"2":{"loc":{"start":{"line":36,"column":4},"end":{"line":50,"column":5}},"type":"if","locations":[{"start":{"line":36,"column":4},"end":{"line":50,"column":5}},{"start":{},"end":{}}]},"3":{"loc":{"start":{"line":42,"column":6},"end":{"line":49,"column":7}},"type":"if","locations":[{"start":{"line":42,"column":6},"end":{"line":49,"column":7}},{"start":{"line":44,"column":13},"end":{"line":49,"column":7}}]},"4":{"loc":{"start":{"line":44,"column":13},"end":{"line":49,"column":7}},"type":"if","locations":[{"start":{"line":44,"column":13},"end":{"line":49,"column":7}},{"start":{"line":47,"column":13},"end":{"line":49,"column":7}}]},"5":{"loc":{"start":{"line":26,"column":17},"end":{"line":26,"column":null}},"type":"cond-expr","locations":[{"start":{"line":26,"column":28},"end":{"line":26,"column":null}},{"start":{"line":26,"column":28},"end":{"line":26,"column":null}}]},"6":{"loc":{"start":{"line":26,"column":17},"end":{"line":26,"column":28}},"type":"binary-expr","locations":[{"start":{"line":26,"column":17},"end":{"line":26,"column":null}},{"start":{"line":26,"column":17},"end":{"line":26,"column":28}}]},"7":{"loc":{"start":{"line":20,"column":27},"end":{"line":20,"column":41}},"type":"cond-expr","locations":[{"start":{"line":20,"column":38},"end":{"line":20,"column":41}},{"start":{"line":20,"column":38},"end":{"line":20,"column":41}}]},"8":{"loc":{"start":{"line":20,"column":27},"end":{"line":20,"column":38}},"type":"binary-expr","locations":[{"start":{"line":20,"column":27},"end":{"line":20,"column":41}},{"start":{"line":20,"column":27},"end":{"line":20,"column":38}}]}},"s":{"0":1,"1":1,"2":1,"3":1,"4":1,"5":1,"6":2,"7":1,"8":1,"9":0,"10":1,"11":0,"12":0,"13":0,"14":0,"15":0,"16":0,"17":0,"18":1,"19":1,"20":1,"21":1,"22":1,"23":1,"24":1,"25":1},"f":{"0":2,"1":1,"2":1},"b":{"0":[0,1],"1":[1,1],"2":[0,1],"3":[0,0],"4":[0,0],"5":[1,0],"6":[1,1],"7":[1,0],"8":[1,1]}}
,"/home/gsl/Downloads/email_setting (copy) (1)/Email_Gateway/nest-email-gateway/src/mail/mail.service.ts": {"path":"/home/gsl/Downloads/email_setting (copy) (1)/Email_Gateway/nest-email-gateway/src/mail/mail.service.ts","statementMap":{"0":{"start":{"line":1,"column":0},"end":{"line":1,"column":null}},"1":{"start":{"line":8,"column":0},"end":{"line":8,"column":51}},"2":{"start":{"line":9,"column":0},"end":{"line":9,"column":54}},"3":{"start":{"line":10,"column":0},"end":{"line":10,"column":37}},"4":{"start":{"line":11,"column":0},"end":{"line":11,"column":57}},"5":{"start":{"line":13,"column":0},"end":{"line":13,"column":70}},"6":{"start":{"line":14,"column":0},"end":{"line":14,"column":28}},"7":{"start":{"line":19,"column":24},"end":{"line":19,"column":36}},"8":{"start":{"line":22,"column":7},"end":{"line":154,"column":null}},"9":{"start":{"line":30,"column":39},"end":{"line":30,"column":45}},"10":{"start":{"line":31,"column":12},"end":{"line":31,"column":20}},"11":{"start":{"line":32,"column":45},"end":{"line":32,"column":58}},"12":{"start":{"line":23,"column":19},"end":{"line":23,"column":54}},"13":{"start":{"line":36,"column":4},"end":{"line":36,"column":34}},"14":{"start":{"line":37,"column":4},"end":{"line":39,"column":7}},"15":{"start":{"line":40,"column":4},"end":{"line":42,"column":7}},"16":{"start":{"line":43,"column":4},"end":{"line":51,"column":6}},"17":{"start":{"line":46,"column":8},"end":{"line":46,"column":41}},"18":{"start":{"line":52,"column":4},"end":{"line":52,"column":75}},"19":{"start":{"line":56,"column":4},"end":{"line":56,"column":53}},"20":{"start":{"line":56,"column":24},"end":{"line":56,"column":53}},"21":{"start":{"line":57,"column":4},"end":{"line":57,"column":55}},"22":{"start":{"line":57,"column":25},"end":{"line":57,"column":55}},"23":{"start":{"line":58,"column":4},"end":{"line":58,"column":65}},"24":{"start":{"line":58,"column":30},"end":{"line":58,"column":65}},"25":{"start":{"line":63,"column":30},"end":{"line":68,"column":6}},"26":{"start":{"line":69,"column":16},"end":{"line":69,"column":63}},"27":{"start":{"line":70,"column":4},"end":{"line":70,"column":36}},"28":{"start":{"line":76,"column":17},"end":{"line":81,"column":6}},"29":{"start":{"line":82,"column":4},"end":{"line":92,"column":8}},"30":{"start":{"line":82,"column":28},"end":{"line":92,"column":6}},"31":{"start":{"line":96,"column":20},"end":{"line":98,"column":6}},"32":{"start":{"line":99,"column":16},"end":{"line":99,"column":26}},"33":{"start":{"line":100,"column":4},"end":{"line":152,"column":5}},"34":{"start":{"line":102,"column":8},"end":{"line":102,"column":76}},"35":{"start":{"line":103,"column":6},"end":{"line":120,"column":7}},"36":{"start":{"line":105,"column":10},"end":{"line":116,"column":12}},"37":{"start":{"line":117,"column":8},"end":{"line":117,"column":60}},"38":{"start":{"line":117,"column":22},"end":{"line":117,"column":60}},"39":{"start":{"line":118,"column":8},"end":{"line":118,"column":56}},"40":{"start":{"line":119,"column":8},"end":{"line":119,"column":15}},"41":{"start":{"line":122,"column":76},"end":{"line":133,"column":8}},"42":{"start":{"line":134,"column":6},"end":{"line":134,"column":56}},"43":{"start":{"line":134,"column":20},"end":{"line":134,"column":56}},"44":{"start":{"line":135,"column":6},"end":{"line":135,"column":52}},"45":{"start":{"line":137,"column":77},"end":{"line":148,"column":8}},"46":{"start":{"line":149,"column":6},"end":{"line":149,"column":57}},"47":{"start":{"line":149,"column":20},"end":{"line":149,"column":57}},"48":{"start":{"line":150,"column":6},"end":{"line":150,"column":53}},"49":{"start":{"line":151,"column":6},"end":{"line":151,"column":64}},"50":{"start":{"line":22,"column":13},"end":{"line":22,"column":24}},"51":{"start":{"line":22,"column":13},"end":{"line":154,"column":null}}},"fnMap":{"0":{"name":"(anonymous_5)","decl":{"start":{"line":29,"column":2},"end":{"line":29,"column":null}},"loc":{"start":{"line":32,"column":63},"end":{"line":33,"column":6}}},"1":{"name":"(anonymous_6)","decl":{"start":{"line":35,"column":2},"end":{"line":35,"column":7}},"loc":{"start":{"line":35,"column":20},"end":{"line":53,"column":3}}},"2":{"name":"(anonymous_7)","decl":{"start":{"line":45,"column":6},"end":{"line":45,"column":11}},"loc":{"start":{"line":45,"column":41},"end":{"line":47,"column":7}}},"3":{"name":"(anonymous_8)","decl":{"start":{"line":55,"column":2},"end":{"line":55,"column":7}},"loc":{"start":{"line":55,"column":23},"end":{"line":60,"column":3}}},"4":{"name":"(anonymous_9)","decl":{"start":{"line":62,"column":2},"end":{"line":62,"column":7}},"loc":{"start":{"line":62,"column":43},"end":{"line":71,"column":3}}},"5":{"name":"(anonymous_10)","decl":{"start":{"line":73,"column":2},"end":{"line":73,"column":7}},"loc":{"start":{"line":73,"column":17},"end":{"line":93,"column":3}}},"6":{"name":"(anonymous_11)","decl":{"start":{"line":82,"column":20},"end":{"line":82,"column":21}},"loc":{"start":{"line":82,"column":28},"end":{"line":92,"column":6}}},"7":{"name":"(anonymous_12)","decl":{"start":{"line":95,"column":10},"end":{"line":95,"column":15}},"loc":{"start":{"line":95,"column":51},"end":{"line":153,"column":3}}}},"branchMap":{"0":{"loc":{"start":{"line":56,"column":4},"end":{"line":56,"column":53}},"type":"if","locations":[{"start":{"line":56,"column":4},"end":{"line":56,"column":53}},{"start":{},"end":{}}]},"1":{"loc":{"start":{"line":57,"column":4},"end":{"line":57,"column":55}},"type":"if","locations":[{"start":{"line":57,"column":4},"end":{"line":57,"column":55}},{"start":{},"end":{}}]},"2":{"loc":{"start":{"line":58,"column":4},"end":{"line":58,"column":65}},"type":"if","locations":[{"start":{"line":58,"column":4},"end":{"line":58,"column":65}},{"start":{},"end":{}}]},"3":{"loc":{"start":{"line":85,"column":13},"end":{"line":91,"column":23}},"type":"cond-expr","locations":[{"start":{"line":86,"column":10},"end":{"line":86,"column":21}},{"start":{"line":87,"column":10},"end":{"line":91,"column":23}}]},"4":{"loc":{"start":{"line":87,"column":10},"end":{"line":91,"column":23}},"type":"cond-expr","locations":[{"start":{"line":88,"column":12},"end":{"line":88,"column":20}},{"start":{"line":89,"column":12},"end":{"line":91,"column":23}}]},"5":{"loc":{"start":{"line":89,"column":12},"end":{"line":91,"column":23}},"type":"cond-expr","locations":[{"start":{"line":90,"column":14},"end":{"line":90,"column":22}},{"start":{"line":91,"column":14},"end":{"line":91,"column":23}}]},"6":{"loc":{"start":{"line":102,"column":8},"end":{"line":102,"column":76}},"type":"binary-expr","locations":[{"start":{"line":102,"column":8},"end":{"line":102,"column":16}},{"start":{"line":102,"column":21},"end":{"line":102,"column":43}},{"start":{"line":102,"column":47},"end":{"line":102,"column":75}}]},"7":{"loc":{"start":{"line":103,"column":6},"end":{"line":120,"column":7}},"type":"if","locations":[{"start":{"line":103,"column":6},"end":{"line":120,"column":7}},{"start":{},"end":{}}]},"8":{"loc":{"start":{"line":110,"column":22},"end":{"line":110,"column":52}},"type":"binary-expr","locations":[{"start":{"line":110,"column":22},"end":{"line":110,"column":39}},{"start":{"line":110,"column":43},"end":{"line":110,"column":52}}]},"9":{"loc":{"start":{"line":112,"column":20},"end":{"line":112,"column":50}},"type":"binary-expr","locations":[{"start":{"line":112,"column":20},"end":{"line":112,"column":32}},{"start":{"line":112,"column":36},"end":{"line":112,"column":50}}]},"10":{"loc":{"start":{"line":114,"column":15},"end":{"line":115,"column":62}},"type":"binary-expr","locations":[{"start":{"line":114,"column":15},"end":{"line":114,"column":42}},{"start":{"line":115,"column":15},"end":{"line":115,"column":61}}]},"11":{"loc":{"start":{"line":115,"column":15},"end":{"line":115,"column":61}},"type":"cond-expr","locations":[{"start":{"line":115,"column":36},"end":{"line":115,"column":56}},{"start":{"line":115,"column":59},"end":{"line":115,"column":61}}]},"12":{"loc":{"start":{"line":117,"column":8},"end":{"line":117,"column":60}},"type":"if","locations":[{"start":{"line":117,"column":8},"end":{"line":117,"column":60}},{"start":{},"end":{}}]},"13":{"loc":{"start":{"line":127,"column":18},"end":{"line":127,"column":48}},"type":"binary-expr","locations":[{"start":{"line":127,"column":18},"end":{"line":127,"column":35}},{"start":{"line":127,"column":39},"end":{"line":127,"column":48}}]},"14":{"loc":{"start":{"line":129,"column":16},"end":{"line":129,"column":46}},"type":"binary-expr","locations":[{"start":{"line":129,"column":16},"end":{"line":129,"column":28}},{"start":{"line":129,"column":32},"end":{"line":129,"column":46}}]},"15":{"loc":{"start":{"line":131,"column":11},"end":{"line":132,"column":58}},"type":"binary-expr","locations":[{"start":{"line":131,"column":11},"end":{"line":131,"column":38}},{"start":{"line":132,"column":11},"end":{"line":132,"column":57}}]},"16":{"loc":{"start":{"line":132,"column":11},"end":{"line":132,"column":57}},"type":"cond-expr","locations":[{"start":{"line":132,"column":32},"end":{"line":132,"column":52}},{"start":{"line":132,"column":55},"end":{"line":132,"column":57}}]},"17":{"loc":{"start":{"line":134,"column":6},"end":{"line":134,"column":56}},"type":"if","locations":[{"start":{"line":134,"column":6},"end":{"line":134,"column":56}},{"start":{},"end":{}}]},"18":{"loc":{"start":{"line":142,"column":18},"end":{"line":142,"column":48}},"type":"binary-expr","locations":[{"start":{"line":142,"column":18},"end":{"line":142,"column":35}},{"start":{"line":142,"column":39},"end":{"line":142,"column":48}}]},"19":{"loc":{"start":{"line":144,"column":16},"end":{"line":144,"column":46}},"type":"binary-expr","locations":[{"start":{"line":144,"column":16},"end":{"line":144,"column":28}},{"start":{"line":144,"column":32},"end":{"line":144,"column":46}}]},"20":{"loc":{"start":{"line":146,"column":11},"end":{"line":147,"column":58}},"type":"binary-expr","locations":[{"start":{"line":146,"column":11},"end":{"line":146,"column":38}},{"start":{"line":147,"column":11},"end":{"line":147,"column":57}}]},"21":{"loc":{"start":{"line":147,"column":11},"end":{"line":147,"column":57}},"type":"cond-expr","locations":[{"start":{"line":147,"column":32},"end":{"line":147,"column":52}},{"start":{"line":147,"column":55},"end":{"line":147,"column":57}}]},"22":{"loc":{"start":{"line":149,"column":6},"end":{"line":149,"column":57}},"type":"if","locations":[{"start":{"line":149,"column":6},"end":{"line":149,"column":57}},{"start":{},"end":{}}]},"23":{"loc":{"start":{"line":30,"column":45},"end":{"line":30,"column":64}},"type":"cond-expr","locations":[{"start":{"line":30,"column":55},"end":{"line":30,"column":64}},{"start":{"line":30,"column":55},"end":{"line":30,"column":64}}]},"24":{"loc":{"start":{"line":30,"column":45},"end":{"line":30,"column":55}},"type":"binary-expr","locations":[{"start":{"line":30,"column":45},"end":{"line":30,"column":64}},{"start":{"line":30,"column":45},"end":{"line":30,"column":55}}]},"25":{"loc":{"start":{"line":30,"column":55},"end":{"line":31,"column":null}},"type":"cond-expr","locations":[{"start":{"line":31,"column":33},"end":{"line":31,"column":null}},{"start":{"line":31,"column":33},"end":{"line":31,"column":null}}]},"26":{"loc":{"start":{"line":30,"column":55},"end":{"line":31,"column":33}},"type":"binary-expr","locations":[{"start":{"line":30,"column":55},"end":{"line":31,"column":null}},{"start":{"line":31,"column":20},"end":{"line":31,"column":33}}]},"27":{"loc":{"start":{"line":31,"column":33},"end":{"line":32,"column":null}},"type":"cond-expr","locations":[{"start":{"line":32,"column":63},"end":{"line":32,"column":null}},{"start":{"line":32,"column":63},"end":{"line":32,"column":null}}]},"28":{"loc":{"start":{"line":31,"column":33},"end":{"line":32,"column":63}},"type":"binary-expr","locations":[{"start":{"line":31,"column":33},"end":{"line":32,"column":null}},{"start":{"line":32,"column":58},"end":{"line":32,"column":63}}]}},"s":{"0":2,"1":2,"2":2,"3":2,"4":2,"5":2,"6":2,"7":2,"8":2,"9":3,"10":3,"11":3,"12":3,"13":0,"14":0,"15":0,"16":0,"17":0,"18":0,"19":0,"20":0,"21":0,"22":0,"23":0,"24":0,"25":1,"26":1,"27":1,"28":0,"29":0,"30":0,"31":2,"32":2,"33":2,"34":2,"35":2,"36":1,"37":1,"38":1,"39":1,"40":1,"41":1,"42":1,"43":1,"44":1,"45":0,"46":0,"47":0,"48":0,"49":0,"50":2,"51":2},"f":{"0":3,"1":0,"2":0,"3":0,"4":1,"5":0,"6":0,"7":2},"b":{"0":[0,0],"1":[0,0],"2":[0,0],"3":[0,0],"4":[0,0],"5":[0,0],"6":[2,2,1],"7":[1,1],"8":[1,0],"9":[1,1],"10":[1,1],"11":[0,1],"12":[1,0],"13":[1,0],"14":[1,1],"15":[1,1],"16":[0,1],"17":[1,0],"18":[0,0],"19":[0,0],"20":[0,0],"21":[0,0],"22":[0,0],"23":[2,0],"24":[2,2],"25":[2,0],"26":[2,2],"27":[2,0],"28":[2,2]}}
,"/home/gsl/Downloads/email_setting (copy) (1)/Email_Gateway/nest-email-gateway/src/mail/dto/send-mail.dto.ts": {"path":"/home/gsl/Downloads/email_setting (copy) (1)/Email_Gateway/nest-email-gateway/src/mail/dto/send-mail.dto.ts","statementMap":{"0":{"start":{"line":1,"column":0},"end":{"line":1,"column":null}},"1":{"start":{"line":9,"column":0},"end":{"line":9,"column":41}},"2":{"start":{"line":11,"column":0},"end":{"line":11,"column":13}},"3":{"start":{"line":13,"column":2},"end":{"line":13,"column":null}},"4":{"start":{"line":16,"column":2},"end":{"line":16,"column":null}},"5":{"start":{"line":19,"column":2},"end":{"line":19,"column":null}},"6":{"start":{"line":22,"column":0},"end":{"line":22,"column":13}},"7":{"start":{"line":25,"column":2},"end":{"line":25,"column":null}},"8":{"start":{"line":23,"column":14},"end":{"line":23,"column":20}},"9":{"start":{"line":29,"column":2},"end":{"line":29,"column":null}},"10":{"start":{"line":32,"column":2},"end":{"line":32,"column":null}},"11":{"start":{"line":36,"column":2},"end":{"line":36,"column":null}},"12":{"start":{"line":42,"column":2},"end":{"line":42,"column":null}},"13":{"start":{"line":41,"column":14},"end":{"line":41,"column":31}}},"fnMap":{"0":{"name":"(anonymous_2)","decl":{"start":{"line":23,"column":8},"end":{"line":23,"column":11}},"loc":{"start":{"line":23,"column":14},"end":{"line":23,"column":20}}},"1":{"name":"(anonymous_3)","decl":{"start":{"line":41,"column":8},"end":{"line":41,"column":11}},"loc":{"start":{"line":41,"column":14},"end":{"line":41,"column":31}}}},"branchMap":{},"s":{"0":1,"1":1,"2":1,"3":1,"4":1,"5":1,"6":1,"7":1,"8":0,"9":1,"10":1,"11":1,"12":1,"13":0},"f":{"0":0,"1":0},"b":{}}
,"/home/gsl/Downloads/email_setting (copy) (1)/Email_Gateway/nest-email-gateway/src/mailboxes/mailboxes.controller.ts": {"path":"/home/gsl/Downloads/email_setting (copy) (1)/Email_Gateway/nest-email-gateway/src/mailboxes/mailboxes.controller.ts","statementMap":{"0":{"start":{"line":1,"column":0},"end":{"line":1,"column":null}},"1":{"start":{"line":14,"column":0},"end":{"line":14,"column":55}},"2":{"start":{"line":15,"column":0},"end":{"line":15,"column":55}},"3":{"start":{"line":17,"column":0},"end":{"line":17,"column":47}},"4":{"start":{"line":19,"column":0},"end":{"line":19,"column":71}},"5":{"start":{"line":20,"column":0},"end":{"line":20,"column":71}},"6":{"start":{"line":21,"column":0},"end":{"line":21,"column":53}},"7":{"start":{"line":22,"column":0},"end":{"line":22,"column":49}},"8":{"start":{"line":25,"column":7},"end":{"line":170,"column":null}},"9":{"start":{"line":27,"column":12},"end":{"line":27,"column":17}},"10":{"start":{"line":28,"column":12},"end":{"line":28,"column":20}},"11":{"start":{"line":34,"column":14},"end":{"line":34,"column":62}},"12":{"start":{"line":35,"column":14},"end":{"line":35,"column":64}},"13":{"start":{"line":36,"column":17},"end":{"line":36,"column":45}},"14":{"start":{"line":37,"column":4},"end":{"line":37,"column":35}},"15":{"start":{"line":43,"column":17},"end":{"line":43,"column":68}},"16":{"start":{"line":44,"column":4},"end":{"line":44,"column":35}},"17":{"start":{"line":50,"column":18},"end":{"line":50,"column":46}},"18":{"start":{"line":51,"column":4},"end":{"line":51,"column":36}},"19":{"start":{"line":59,"column":21},"end":{"line":59,"column":31}},"20":{"start":{"line":60,"column":18},"end":{"line":60,"column":25}},"21":{"start":{"line":62,"column":4},"end":{"line":90,"column":5}},"22":{"start":{"line":63,"column":29},"end":{"line":63,"column":71}},"23":{"start":{"line":64,"column":6},"end":{"line":69,"column":7}},"24":{"start":{"line":65,"column":8},"end":{"line":68,"column":10}},"25":{"start":{"line":71,"column":8},"end":{"line":71,"column":72}},"26":{"start":{"line":73,"column":8},"end":{"line":75,"column":14}},"27":{"start":{"line":76,"column":6},"end":{"line":89,"column":8}},"28":{"start":{"line":91,"column":4},"end":{"line":123,"column":5}},"29":{"start":{"line":93,"column":8},"end":{"line":94,"column":54}},"30":{"start":{"line":95,"column":6},"end":{"line":100,"column":7}},"31":{"start":{"line":96,"column":8},"end":{"line":99,"column":10}},"32":{"start":{"line":102,"column":8},"end":{"line":102,"column":72}},"33":{"start":{"line":103,"column":23},"end":{"line":103,"column":61}},"34":{"start":{"line":104,"column":20},"end":{"line":104,"column":68}},"35":{"start":{"line":106,"column":8},"end":{"line":108,"column":14}},"36":{"start":{"line":109,"column":20},"end":{"line":111,"column":12}},"37":{"start":{"line":113,"column":8},"end":{"line":121,"column":13}},"38":{"start":{"line":122,"column":6},"end":{"line":122,"column":49}},"39":{"start":{"line":124,"column":4},"end":{"line":124,"column":59}},"40":{"start":{"line":133,"column":16},"end":{"line":133,"column":23}},"41":{"start":{"line":134,"column":19},"end":{"line":134,"column":29}},"42":{"start":{"line":136,"column":21},"end":{"line":136,"column":28}},"43":{"start":{"line":137,"column":4},"end":{"line":145,"column":5}},"44":{"start":{"line":138,"column":6},"end":{"line":144,"column":16}},"45":{"start":{"line":139,"column":24},"end":{"line":140,"column":null}},"46":{"start":{"line":142,"column":8},"end":{"line":142,"column":40}},"47":{"start":{"line":143,"column":8},"end":{"line":143,"column":49}},"48":{"start":{"line":146,"column":4},"end":{"line":146,"column":48}},"49":{"start":{"line":147,"column":24},"end":{"line":147,"column":51}},"50":{"start":{"line":148,"column":25},"end":{"line":148,"column":53}},"51":{"start":{"line":150,"column":6},"end":{"line":150,"column":75}},"52":{"start":{"line":151,"column":4},"end":{"line":168,"column":5}},"53":{"start":{"line":152,"column":6},"end":{"line":159,"column":8}},"54":{"start":{"line":160,"column":6},"end":{"line":164,"column":8}},"55":{"start":{"line":166,"column":18},"end":{"line":166,"column":76}},"56":{"start":{"line":167,"column":6},"end":{"line":167,"column":74}},"57":{"start":{"line":25,"column":13},"end":{"line":25,"column":32}},"58":{"start":{"line":33,"column":8},"end":{"line":38,"column":null}},"59":{"start":{"line":42,"column":8},"end":{"line":45,"column":null}},"60":{"start":{"line":49,"column":8},"end":{"line":52,"column":null}},"61":{"start":{"line":55,"column":8},"end":{"line":125,"column":null}},"62":{"start":{"line":128,"column":8},"end":{"line":169,"column":null}},"63":{"start":{"line":25,"column":13},"end":{"line":170,"column":null}}},"fnMap":{"0":{"name":"(anonymous_4)","decl":{"start":{"line":26,"column":2},"end":{"line":26,"column":null}},"loc":{"start":{"line":28,"column":33},"end":{"line":29,"column":6}}},"1":{"name":"(anonymous_5)","decl":{"start":{"line":33,"column":8},"end":{"line":33,"column":11}},"loc":{"start":{"line":33,"column":70},"end":{"line":38,"column":3}}},"2":{"name":"(anonymous_6)","decl":{"start":{"line":42,"column":8},"end":{"line":42,"column":15}},"loc":{"start":{"line":42,"column":39},"end":{"line":45,"column":3}}},"3":{"name":"(anonymous_7)","decl":{"start":{"line":49,"column":8},"end":{"line":49,"column":19}},"loc":{"start":{"line":49,"column":19},"end":{"line":52,"column":3}}},"4":{"name":"(anonymous_8)","decl":{"start":{"line":55,"column":8},"end":{"line":55,"column":21}},"loc":{"start":{"line":57,"column":37},"end":{"line":125,"column":3}}},"5":{"name":"(anonymous_9)","decl":{"start":{"line":128,"column":8},"end":{"line":128,"column":16}},"loc":{"start":{"line":131,"column":24},"end":{"line":169,"column":3}}}},"branchMap":{"0":{"loc":{"start":{"line":34,"column":14},"end":{"line":34,"column":62}},"type":"cond-expr","locations":[{"start":{"line":34,"column":46},"end":{"line":34,"column":58}},{"start":{"line":34,"column":61},"end":{"line":34,"column":62}}]},"1":{"loc":{"start":{"line":35,"column":14},"end":{"line":35,"column":64}},"type":"cond-expr","locations":[{"start":{"line":35,"column":46},"end":{"line":35,"column":58}},{"start":{"line":35,"column":61},"end":{"line":35,"column":64}}]},"2":{"loc":{"start":{"line":62,"column":4},"end":{"line":90,"column":5}},"type":"if","locations":[{"start":{"line":62,"column":4},"end":{"line":90,"column":5}},{"start":{},"end":{}}]},"3":{"loc":{"start":{"line":64,"column":6},"end":{"line":69,"column":7}},"type":"if","locations":[{"start":{"line":64,"column":6},"end":{"line":69,"column":7}},{"start":{},"end":{}}]},"4":{"loc":{"start":{"line":71,"column":8},"end":{"line":71,"column":72}},"type":"binary-expr","locations":[{"start":{"line":71,"column":8},"end":{"line":71,"column":45}},{"start":{"line":71,"column":49},"end":{"line":71,"column":72}}]},"5":{"loc":{"start":{"line":73,"column":8},"end":{"line":75,"column":14}},"type":"cond
[...]
start":{"line":31,"column":20},"end":{"line":31,"column":80}},"16":{"start":{"line":33,"column":20},"end":{"line":35,"column":6}},"17":{"start":{"line":36,"column":4},"end":{"line":36,"column":76}},"18":{"start":{"line":36,"column":18},"end":{"line":36,"column":76}},"19":{"start":{"line":37,"column":4},"end":{"line":42,"column":7}},"20":{"start":{"line":43,"column":4},"end":{"line":43,"column":29}},"21":{"start":{"line":48,"column":19},"end":{"line":48,"column":51}},"22":{"start":{"line":49,"column":4},"end":{"line":53,"column":5}},"23":{"start":{"line":50,"column":23},"end":{"line":50,"column":75}},"24":{"start":{"line":51,"column":6},"end":{"line":52,"column":58}},"25":{"start":{"line":52,"column":8},"end":{"line":52,"column":58}},"26":{"start":{"line":55,"column":6},"end":{"line":56,"column":15}},"27":{"start":{"line":57,"column":4},"end":{"line":57,"column":80}},"28":{"start":{"line":57,"column":20},"end":{"line":57,"column":80}},"29":{"start":{"line":59,"column":20},"end":{"line":61,"column":6}},"30":{"start":{"line":62,"column":4},"end":{"line":62,"column":76}},"31":{"start":{"line":62,"column":18},"end":{"line":62,"column":76}},"32":{"start":{"line":63,"column":4},"end":{"line":68,"column":7}},"33":{"start":{"line":69,"column":4},"end":{"line":69,"column":29}},"34":{"start":{"line":14,"column":13},"end":{"line":14,"column":31}},"35":{"start":{"line":21,"column":8},"end":{"line":44,"column":null}},"36":{"start":{"line":47,"column":8},"end":{"line":70,"column":null}},"37":{"start":{"line":14,"column":13},"end":{"line":71,"column":null}}},"fnMap":{"0":{"name":"(anonymous_4)","decl":{"start":{"line":15,"column":2},"end":{"line":15,"column":null}},"loc":{"start":{"line":17,"column":71},"end":{"line":18,"column":6}}},"1":{"name":"(anonymous_5)","decl":{"start":{"line":21,"column":8},"end":{"line":21,"column":13}},"loc":{"start":{"line":21,"column":48},"end":{"line":44,"column":3}}},"2":{"name":"(anonymous_6)","decl":{"start":{"line":47,"column":8},"end":{"line":47,"column":17}},"loc":{"start":{"line":47,"column":52},"end":{"line":70,"column":3}}}},"branchMap":{"0":{"loc":{"start":{"line":23,"column":4},"end":{"line":27,"column":5}},"type":"if","locations":[{"start":{"line":23,"column":4},"end":{"line":27,"column":5}},{"start":{},"end":{}}]},"1":{"loc":{"start":{"line":25,"column":6},"end":{"line":26,"column":58}},"type":"if","locations":[{"start":{"line":25,"column":6},"end":{"line":26,"column":58}},{"start":{},"end":{}}]},"2":{"loc":{"start":{"line":25,"column":10},"end":{"line":25,"column":42}},"type":"binary-expr","locations":[{"start":{"line":25,"column":10},"end":{"line":25,"column":19}},{"start":{"line":25,"column":23},"end":{"line":25,"column":42}}]},"3":{"loc":{"start":{"line":29,"column":6},"end":{"line":30,"column":15}},"type":"binary-expr","locations":[{"start":{"line":29,"column":6},"end":{"line":29,"column":73}},{"start":{"line":30,"column":6},"end":{"line":30,"column":15}}]},"4":{"loc":{"start":{"line":29,"column":13},"end":{"line":29,"column":72}},"type":"binary-expr","locations":[{"start":{"line":29,"column":13},"end":{"line":29,"column":27}},{"start":{"line":29,"column":31},"end":{"line":29,"column":46}},{"start":{"line":29,"column":50},"end":{"line":29,"column":67}},{"start":{"line":29,"column":71},"end":{"line":29,"column":72}}]},"5":{"loc":{"start":{"line":31,"column":4},"end":{"line":31,"column":80}},"type":"if","locations":[{"start":{"line":31,"column":4},"end":{"line":31,"column":80}},{"start":{},"end":{}}]},"6":{"loc":{"start":{"line":36,"column":4},"end":{"line":36,"column":76}},"type":"if","locations":[{"start":{"line":36,"column":4},"end":{"line":36,"column":76}},{"start":{},"end":{}}]},"7":{"loc":{"start":{"line":49,"column":4},"end":{"line":53,"column":5}},"type":"if","locations":[{"start":{"line":49,"column":4},"end":{"line":53,"column":5}},{"start":{},"end":{}}]},"8":{"loc":{"start":{"line":51,"column":6},"end":{"line":52,"column":58}},"type":"if","locations":[{"start":{"line":51,"column":6},"end":{"line":52,"column":58}},{"start":{},"end":{}}]},"9":{"loc":{"start":{"line":51,"column":10},"end":{"line":51,"column":42}},"type":"binary-expr","locations":[{"start":{"line":51,"column":10},"end":{"line":51,"column":19}},{"start":{"line":51,"column":23},"end":{"line":51,"column":42}}]},"10":{"loc":{"start":{"line":55,"column":6},"end":{"line":56,"column":15}},"type":"binary-expr","locations":[{"start":{"line":55,"column":6},"end":{"line":55,"column":75}},{"start":{"line":56,"column":6},"end":{"line":56,"column":15}}]},"11":{"loc":{"start":{"line":55,"column":13},"end":{"line":55,"column":74}},"type":"binary-expr","locations":[{"start":{"line":55,"column":13},"end":{"line":55,"column":27}},{"start":{"line":55,"column":31},"end":{"line":55,"column":46}},{"start":{"line":55,"column":50},"end":{"line":55,"column":69}},{"start":{"line":55,"column":73},"end":{"line":55,"column":74}}]},"12":{"loc":{"start":{"line":57,"column":4},"end":{"line":57,"column":80}},"type":"if","locations":[{"start":{"line":57,"column":4},"end":{"line":57,"column":80}},{"start":{},"end":{}}]},"13":{"loc":{"start":{"line":62,"column":4},"end":{"line":62,"column":76}},"type":"if","locations":[{"start":{"line":62,"column":4},"end":{"line":62,"column":76}},{"start":{},"end":{}}]},"14":{"loc":{"start":{"line":16,"column":20},"end":{"line":16,"column":null}},"type":"cond-expr","locations":[{"start":{"line":16,"column":33},"end":{"line":16,"column":null}},{"start":{"line":16,"column":33},"end":{"line":16,"column":null}}]},"15":{"loc":{"start":{"line":16,"column":20},"end":{"line":16,"column":33}},"type":"binary-expr","locations":[{"start":{"line":16,"column":20},"end":{"line":16,"column":null}},{"start":{"line":16,"column":20},"end":{"line":16,"column":33}}]},"16":{"loc":{"start":{"line":16,"column":33},"end":{"line":17,"column":71}},"type":"cond-expr","locations":[{"start":{"line":17,"column":62},"end":{"line":17,"column":71}},{"start":{"line":17,"column":62},"end":{"line":17,"column":71}}]},"17":{"loc":{"start":{"line":16,"column":33},"end":{"line":17,"column":62}},"type":"binary-expr","locations":[{"start":{"line":16,"column":33},"end":{"line":17,"column":71}},{"start":{"line":17,"column":52},"end":{"line":17,"column":62}}]}},"s":{"0":1,"1":1,"2":1,"3":1,"4":1,"5":1,"6":8,"7":8,"8":4,"9":4,"10":4,"11":4,"12":1,"13":3,"14":3,"15":1,"16":2,"17":2,"18":1,"19":1,"20":1,"21":4,"22":4,"23":4,"24":4,"25":1,"26":3,"27":3,"28":1,"29":2,"30":2,"31":1,"32":1,"33":1,"34":1,"35":1,"36":1,"37":1},"f":{"0":8,"1":4,"2":4},"b":{"0":[4,0],"1":[1,3],"2":[4,4],"3":[3,1],"4":[3,1,1,1],"5":[1,2],"6":[1,1],"7":[4,0],"8":[1,3],"9":[4,4],"10":[3,1],"11":[3,1,1,1],"12":[1,2],"13":[1,1],"14":[1,0],"15":[1,1],"16":[1,0],"17":[1,1]}}
,"/home/gsl/Downloads/email_setting (copy) (1)/Email_Gateway/nest-email-gateway/src/worker/worker.service.ts": {"path":"/home/gsl/Downloads/email_setting (copy) (1)/Email_Gateway/nest-email-gateway/src/worker/worker.service.ts","statementMap":{"0":{"start":{"line":1,"column":0},"end":{"line":1,"column":null}},"1":{"start":{"line":8,"column":0},"end":{"line":8,"column":70}},"2":{"start":{"line":9,"column":0},"end":{"line":9,"column":28}},"3":{"start":{"line":10,"column":0},"end":{"line":10,"column":57}},"4":{"start":{"line":11,"column":0},"end":{"line":11,"column":51}},"5":{"start":{"line":12,"column":0},"end":{"line":12,"column":37}},"6":{"start":{"line":13,"column":0},"end":{"line":13,"column":53}},"7":{"start":{"line":22,"column":27},"end":{"line":22,"column":47}},"8":{"start":{"line":25,"column":7},"end":{"line":93,"column":null}},"9":{"start":{"line":33,"column":12},"end":{"line":33,"column":20}},"10":{"start":{"line":34,"column":39},"end":{"line":34,"column":50}},"11":{"start":{"line":35,"column":45},"end":{"line":35,"column":58}},"12":{"start":{"line":26,"column":19},"end":{"line":26,"column":56}},"13":{"start":{"line":39,"column":4},"end":{"line":39,"column":34}},"14":{"start":{"line":40,"column":4},"end":{"line":42,"column":7}},"15":{"start":{"line":43,"column":4},"end":{"line":45,"column":7}},"16":{"start":{"line":46,"column":4},"end":{"line":54,"column":6}},"17":{"start":{"line":49,"column":8},"end":{"line":49,"column":37}},"18":{"start":{"line":55,"column":4},"end":{"line":55,"column":68}},"19":{"start":{"line":59,"column":4},"end":{"line":59,"column":29}},"20":{"start":{"line":60,"column":4},"end":{"line":60,"column":30}},"21":{"start":{"line":61,"column":4},"end":{"line":61,"column":35}},"22":{"start":{"line":65,"column":4},"end":{"line":65,"column":47}},"23":{"start":{"line":66,"column":4},"end":{"line":66,"column":68}},"24":{"start":{"line":70,"column":4},"end":{"line":91,"column":5}},"25":{"start":{"line":71,"column":22},"end":{"line":73,"column":19}},"26":{"start":{"line":74,"column":18},"end":{"line":74,"column":28}},"27":{"start":{"line":75,"column":32},"end":{"line":86,"column":8}},"28":{"start":{"line":87,"column":6},"end":{"line":87,"column":50}},"29":{"start":{"line":87,"column":19},"end":{"line":87,"column":50}},"30":{"start":{"line":88,"column":6},"end":{"line":88,"column":55}},"31":{"start":{"line":90,"column":6},"end":{"line":90,"column":67}},"32":{"start":{"line":25,"column":13},"end":{"line":25,"column":26}},"33":{"start":{"line":25,"column":13},"end":{"line":93,"column":null}}},"fnMap":{"0":{"name":"(anonymous_5)","decl":{"start":{"line":32,"column":2},"end":{"line":32,"column":null}},"loc":{"start":{"line":35,"column":63},"end":{"line":36,"column":6}}},"1":{"name":"(anonymous_6)","decl":{"start":{"line":38,"column":2},"end":{"line":38,"column":7}},"loc":{"start":{"line":38,"column":20},"end":{"line":56,"column":3}}},"2":{"name":"(anonymous_7)","decl":{"start":{"line":48,"column":6},"end":{"line":48,"column":11}},"loc":{"start":{"line":48,"column":37},"end":{"line":50,"column":7}}},"3":{"name":"(anonymous_8)","decl":{"start":{"line":58,"column":2},"end":{"line":58,"column":7}},"loc":{"start":{"line":58,"column":23},"end":{"line":62,"column":3}}},"4":{"name":"(anonymous_9)","decl":{"start":{"line":64,"column":2},"end":{"line":64,"column":7}},"loc":{"start":{"line":64,"column":58},"end":{"line":67,"column":3}}},"5":{"name":"(anonymous_10)","decl":{"start":{"line":69,"column":10},"end":{"line":69,"column":15}},"loc":{"start":{"line":69,"column":39},"end":{"line":92,"column":3}}}},"branchMap":{"0":{"loc":{"start":{"line":71,"column":22},"end":{"line":73,"column":19}},"type":"cond-expr","locations":[{"start":{"line":72,"column":10},"end":{"line":72,"column":72}},{"start":{"line":73,"column":10},"end":{"line":73,"column":19}}]},"1":{"loc":{"start":{"line":76,"column":19},"end":{"line":76,"column":52}},"type":"binary-expr","locations":[{"start":{"line":76,"column":19},"end":{"line":76,"column":30}},{"start":{"line":76,"column":34},"end":{"line":76,"column":47}},{"start":{"line":76,"column":51},"end":{"line":76,"column":52}}]},"2":{"loc":{"start":{"line":82,"column":10},"end":{"line":83,"column":69}},"type":"binary-expr","locations":[{"start":{"line":82,"column":10},"end":{"line":82,"column":21}},{"start":{"line":83,"column":10},"end":{"line":83,"column":69}}]},"3":{"loc":{"start":{"line":85,"column":21},"end":{"line":85,"column":42}},"type":"binary-expr","locations":[{"start":{"line":85,"column":21},"end":{"line":85,"column":36}},{"start":{"line":85,"column":40},"end":{"line":85,"column":42}}]},"4":{"loc":{"start":{"line":87,"column":6},"end":{"line":87,"column":50}},"type":"if","locations":[{"start":{"line":87,"column":6},"end":{"line":87,"column":50}},{"start":{},"end":{}}]},"5":{"loc":{"start":{"line":33,"column":20},"end":{"line":33,"column":null}},"type":"cond-expr","locations":[{"start":{"line":33,"column":33},"end":{"line":33,"column":null}},{"start":{"line":33,"column":33},"end":{"line":33,"column":null}}]},"6":{"loc":{"start":{"line":33,"column":20},"end":{"line":33,"column":33}},"type":"binary-expr","locations":[{"start":{"line":33,"column":20},"end":{"line":33,"column":null}},{"start":{"line":33,"column":20},"end":{"line":33,"column":33}}]},"7":{"loc":{"start":{"line":33,"column":33},"end":{"line":34,"column":69}},"type":"cond-expr","locations":[{"start":{"line":34,"column":60},"end":{"line":34,"column":69}},{"start":{"line":34,"column":60},"end":{"line":34,"column":69}}]},"8":{"loc":{"start":{"line":33,"column":33},"end":{"line":34,"column":60}},"type":"binary-expr","locations":[{"start":{"line":33,"column":33},"end":{"line":34,"column":69}},{"start":{"line":34,"column":50},"end":{"line":34,"column":60}}]},"9":{"loc":{"start":{"line":34,"column":60},"end":{"line":35,"column":null}},"type":"cond-expr","locations":[{"start":{"line":35,"column":63},"end":{"line":35,"column":null}},{"start":{"line":35,"column":63},"end":{"line":35,"column":null}}]},"10":{"loc":{"start":{"line":34,"column":60},"end":{"line":35,"column":63}},"type":"binary-expr","locations":[{"start":{"line":34,"column":60},"end":{"line":35,"column":null}},{"start":{"line":35,"column":58},"end":{"line":35,"column":63}}]}},"s":{"0":1,"1":1,"2":1,"3":1,"4":1,"5":1,"6":1,"7":1,"8":1,"9":0,"10":0,"11":0,"12":0,"13":0,"14":0,"15":0,"16":0,"17":0,"18":0,"19":0,"20":0,"21":0,"22":0,"23":0,"24":0,"25":0,"26":0,"27":0,"28":0,"29":0,"30":0,"31":0,"32":1,"33":1},"f":{"0":0,"1":0,"2":0,"3":0,"4":0,"5":0},"b":{"0":[0,0],"1":[0,0,0],"2":[0,0],"3":[0,0],"4":[0,0],"5":[1,0],"6":[1,1],"7":[1,0],"8":[1,1],"9":[1,0],"10":[1,1]}}
,"/home/gsl/Downloads/email_setting (copy) (1)/Email_Gateway/nest-email-gateway/src/ws/ws.gateway.ts": {"path":"/home/gsl/Downloads/email_setting (copy) (1)/Email_Gateway/nest-email-gateway/src/ws/ws.gateway.ts","statementMap":{"0":{"start":{"line":1,"column":0},"end":{"line":1,"column":null}},"1":{"start":{"line":8,"column":0},"end":{"line":8,"column":43}},"2":{"start":{"line":9,"column":0},"end":{"line":9,"column":79}},"3":{"start":{"line":10,"column":0},"end":{"line":10,"column":28}},"4":{"start":{"line":13,"column":7},"end":{"line":82,"column":null}},"5":{"start":{"line":29,"column":55},"end":{"line":29,"column":68}},"6":{"start":{"line":24,"column":10},"end":{"line":24,"column":43}},"7":{"start":{"line":27,"column":19},"end":{"line":27,"column":47}},"8":{"start":{"line":32,"column":4},"end":{"line":32,"column":31}},"9":{"start":{"line":36,"column":4},"end":{"line":36,"column":49}},"10":{"start":{"line":37,"column":4},"end":{"line":37,"column":49}},"11":{"start":{"line":38,"column":4},"end":{"line":38,"column":54}},"12":{"start":{"line":39,"column":4},"end":{"line":48,"column":7}},"13":{"start":{"line":40,"column":6},"end":{"line":47,"column":7}},"14":{"start":{"line":41,"column":8},"end":{"line":46,"column":9}},"15":{"start":{"line":42,"column":37},"end":{"line":42,"column":56}},"16":{"start":{"line":43,"column":10},"end":{"line":43,"column":42}},"17":{"start":{"line":45,"column":10},"end":{"line":45,"column":71}},"18":{"start":{"line":49,"column":4},"end":{"line":49,"column":68}},"19":{"start":{"line":53,"column":4},"end":{"line":53,"column":50}},"20":{"start":{"line":53,"column":23},"end":{"line":53,"column":50}},"21":{"start":{"line":54,"column":4},"end":{"line":54,"column":50}},"22":{"start":{"line":54,"column":23},"end":{"line":54,"column":50}},"23":{"start":{"line":58,"column":4},"end":{"line":58,"column":54}},"24":{"start":{"line":62,"column":4},"end":{"line":62,"column":57}},"25":{"start":{"line":67,"column":4},"end":{"line":70,"column":5}},"26":{"start":{"line":68,"column":6},"end":{"line":68,"column":39}},"27":{"start":{"line":69,"column":6},"end":{"line":69,"column":13}},"28":{"start":{"line":72,"column":4},"end":{"line":80,"column":5}},"29":{"start":{"line":73,"column":6},"end":{"line":76,"column":8}},"30":{"start":{"line":79,"column":6},"end":{"line":79,"column":39}},"31":{"start":{"line":13,"column":13},"end":{"line":13,"column":22}},"32":{"start":{"line":22,"column":2},"end":{"line":22,"column":null}},"33":{"start":{"line":13,"column":13},"end":{"line":82,"column":null}}},"fnMap":{"0":{"name":"(anonymous_5)","decl":{"start":{"line":29,"column":2},"end":{"line":29,"column":15}},"loc":{"start":{"line":29,"column":73},"end":{"line":29,"column":77}}},"1":{"name":"(anonymous_6)","decl":{"start":{"line":31,"column":2},"end":{"line":31,"column":11}},"loc":{"start":{"line":31,"column":26},"end":{"line":33,"column":3}}},"2":{"name":"(anonymous_7)","decl":{"start":{"line":35,"column":2},"end":{"line":35,"column":7}},"loc":{"start":{"line":35,"column":20},"end":{"line":50,"column":3}}},"3":{"name":"(anonymous_8)","decl":{"start":{"line":39,"column":32},"end":{"line":39,"column":33}},"loc":{"start":{"line":39,"column":53},"end":{"line":48,"column":5}}},"4":{"name":"(anonymous_9)","decl":{"start":{"line":52,"column":2},"end":{"line":52,"column":7}},"loc":{"start":{"line":52,"column":23},"end":{"line":55,"column":3}}},"5":{"name":"(anonymous_10)","decl":{"start":{"line":57,"column":2},"end":{"line":57,"column":18}},"loc":{"start":{"line":57,"column":33},"end":{"line":59,"column":3}}},"6":{"name":"(anonymous_11)","decl":{"start":{"line":61,"column":2},"end":{"line":61,"column":18}},"loc":{"start":{"line":61,"column":33},"end":{"line":63,"column":3}}},"7":{"name":"(anonymous_12)","decl":{"start":{"line":65,"column":2},"end":{"line":65,"column":6}},"loc":{"start":{"line":65,"column":53},"end":{"line":81,"column":3}}}},"branchMap":{"0":{"loc":{"start":{"line":40,"column":6},"end":{"line":47,"column":7}},"type":"if","locations":[{"start":{"line":40,"column":6},"end":{"line":47,"column":7}},{"start":{},"end":{}}]},"1":{"loc":{"start":{"line":53,"column":4},"end":{"line":53,"column":50}},"type":"if","locations":[{"start":{"line":53,"column":4},"end":{"line":53,"column":50}},{"start":{},"end":{}}]},"2":{"loc":{"start":{"line":54,"column":4},"end":{"line":54,"column":50}},"type":"if","locations":[{"start":{"line":54,"column":4},"end":{"line":54,"column":50}},{"start":{},"end":{}}]},"3":{"loc":{"start":{"line":65,"column":36},"end":{"line":65,"column":53}},"type":"default-arg","locations":[{"start":{"line":65,"column":48},"end":{"line":65,"column":53}}]},"4":{"loc":{"start":{"line":67,"column":4},"end":{"line":70,"column":5}},"type":"if","locations":[{"start":{"line":67,"column":4},"end":{"line":70,"column":5}},{"start":{},"end":{}}]},"5":{"loc":{"start":{"line":72,"column":4},"end":{"line":80,"column":5}},"type":"if","locations":[{"start":{"line":72,"column":4},"end":{"line":80,"column":5}},{"start":{"line":77,"column":11},"end":{"line":80,"column":5}}]},"6":{"loc":{"start":{"line":22,"column":10},"end":{"line":22,"column":17}},"type":"cond-expr","locations":[{"start":{"line":22,"column":16},"end":{"line":22,"column":17}},{"start":{"line":22,"column":16},"end":{"line":22,"column":17}}]},"7":{"loc":{"start":{"line":22,"column":10},"end":{"line":22,"column":16}},"type":"binary-expr","locations":[{"start":{"line":22,"column":10},"end":{"line":22,"column":17}},{"start":{"line":22,"column":10},"end":{"line":22,"column":16}}]},"8":{"loc":{"start":{"line":12,"column":36},"end":{"line":12,"column":70}},"type":"binary-expr","locations":[{"start":{"line":12,"column":36},"end":{"line":12,"column":63}},{"start":{"line":12,"column":67},"end":{"line":12,"column":70}}]},"9":{"loc":{"start":{"line":29,"column":68},"end":{"line":29,"column":76}},"type":"cond-expr","locations":[{"start":{"line":29,"column":73},"end":{"line":29,"column":76}},{"start":{"line":29,"column":73},"end":{"line":29,"column":76}}]},"10":{"loc":{"start":{"line":29,"column":68},"end":{"line":29,"column":73}},"type":"binary-expr","locations":[{"start":{"line":29,"column":68},"end":{"line":29,"column":76}},{"start":{"line":29,"column":68},"end":{"line":29,"column":73}}]}},"s":{"0":9,"1":9,"2":9,"3":9,"4":9,"5":0,"6":0,"7":0,"8":0,"9":0,"10":0,"11":0,"12":0,"13":0,"14":0,"15":0,"16":0,"17":0,"18":0,"19":0,"20":0,"21":0,"22":0,"23":0,"24":0,"25":0,"26":0,"27":0,"28":0,"29":0,"30":0,"31":9,"32":9,"33":9},"f":{"0":0,"1":0,"2":0,"3":0,"4":0,"5":0,"6":0,"7":0},"b":{"0":[0,0],"1":[0,0],"2":[0,0],"3":[0],"4":[0,0],"5":[0,0],"6":[9,0],"7":[9,9],"8":[9,9],"9":[9,0],"10":[9,9]}}
}
