TN:
SF:src/app.controller.ts
FN:6,(anonymous_2)
FN:9,(anonymous_3)
FNF:2
FNH:2
FNDA:1,(anonymous_2)
FNDA:1,(anonymous_3)
DA:1,1
DA:2,1
DA:5,1
DA:6,1
DA:9,1
DA:10,1
LF:6
LH:6
BRDA:6,0,0,1
BRDA:6,0,1,0
BRDA:6,1,0,1
BRDA:6,1,1,1
BRF:4
BRH:3
end_of_record
TN:
SF:src/app.service.ts
FN:5,(anonymous_1)
FNF:1
FNH:1
FNDA:1,(anonymous_1)
DA:1,1
DA:4,1
DA:6,1
LF:3
LH:3
BRF:0
BRH:0
end_of_record
TN:
SF:src/auth/auth.controller.ts
FN:19,(anonymous_4)
FN:22,(anonymous_5)
FN:33,(anonymous_6)
FN:39,(anonymous_7)
FNF:4
FNH:3
FNDA:4,(anonymous_4)
FNDA:2,(anonymous_5)
FNDA:0,(anonymous_6)
FNDA:1,(anonymous_7)
DA:1,1
DA:9,1
DA:10,1
DA:11,1
DA:12,1
DA:14,1
DA:18,1
DA:19,4
DA:22,1
DA:23,2
DA:24,2
DA:25,1
DA:27,1
DA:28,1
DA:33,1
DA:34,0
DA:39,1
DA:43,1
DA:44,1
DA:45,1
LF:20
LH:19
BRDA:24,0,0,1
BRDA:24,0,1,1
BRDA:44,1,0,1
BRDA:44,1,1,0
BRDA:22,2,0,1
BRDA:22,2,1,0
BRDA:22,3,0,1
BRDA:22,3,1,1
BRDA:41,4,0,1
BRDA:41,4,1,0
BRDA:41,5,0,1
BRDA:41,5,1,1
BRDA:19,6,0,1
BRDA:19,6,1,0
BRDA:19,7,0,1
BRDA:19,7,1,1
BRF:16
BRH:12
end_of_record
TN:
SF:src/auth/auth.service.ts
FN:18,(anonymous_13)
FN:25,(anonymous_14)
FN:34,(anonymous_15)
FN:56,(anonymous_16)
FN:71,(anonymous_17)
FN:83,(anonymous_18)
FNF:6
FNH:4
FNDA:4,(anonymous_13)
FNDA:2,(anonymous_14)
FNDA:0,(anonymous_15)
FNDA:2,(anonymous_16)
FNDA:0,(anonymous_17)
FNDA:2,(anonymous_18)
DA:1,2
DA:2,2
DA:3,2
DA:4,2
DA:5,2
DA:6,2
DA:7,2
DA:17,2
DA:19,4
DA:20,4
DA:23,4
DA:26,2
DA:27,1
DA:28,1
DA:29,1
DA:30,1
DA:31,1
DA:35,0
DA:36,0
DA:37,0
DA:38,0
DA:39,0
DA:40,0
DA:42,0
DA:43,0
DA:49,0
DA:52,0
DA:57,2
DA:58,2
DA:60,2
DA:61,2
DA:63,1
DA:72,0
DA:73,0
DA:74,0
DA:75,0
DA:88,2
DA:89,2
DA:90,0
DA:92,2
DA:93,2
DA:94,0
DA:96,2
DA:97,1
DA:103,1
DA:104,1
DA:105,1
DA:106,1
DA:107,1
LF:49
LH:33
BRDA:26,0,0,1
BRDA:26,0,1,1
BRDA:26,1,0,2
BRDA:26,1,1,2
BRDA:31,2,0,1
BRDA:31,2,1,1
BRDA:31,2,2,1
BRDA:31,2,3,1
BRDA:36,3,0,0
BRDA:36,3,1,0
BRDA:37,4,0,0
BRDA:37,4,1,0
BRDA:38,5,0,0
BRDA:38,5,1,0
BRDA:39,6,0,0
BRDA:39,6,1,0
BRDA:58,7,0,0
BRDA:58,7,1,2
BRDA:61,8,0,1
BRDA:61,8,1,1
BRDA:89,9,0,0
BRDA:89,9,1,2
BRDA:93,10,0,0
BRDA:93,10,1,2
BRDA:96,11,0,1
BRDA:96,11,1,1
BRDA:19,12,0,2
BRDA:19,12,1,0
BRDA:19,13,0,2
BRDA:19,13,1,2
BRDA:19,14,0,2
BRDA:19,14,1,0
BRDA:19,15,0,2
BRDA:19,15,1,2
BRF:34
BRH:21
end_of_record
TN:
SF:src/auth/jwt-auth.guard.ts
FN:6,(anonymous_1)
FNF:1
FNH:0
FNDA:0,(anonymous_1)
DA:1,7
DA:2,7
DA:5,7
DA:7,0
DA:8,0
DA:10,0
LF:6
LH:3
BRDA:7,0,0,0
BRDA:7,0,1,0
BRF:2
BRH:0
end_of_record
TN:
SF:src/auth/dto/change-password.dto.ts
FNF:0
FNH:0
DA:1,1
DA:3,1
DA:6,1
DA:10,1
LF:4
LH:4
BRF:0
BRH:0
end_of_record
TN:
SF:src/auth/dto/login.dto.ts
FNF:0
FNH:0
DA:1,1
DA:3,1
DA:5,1
DA:8,1
LF:4
LH:4
BRF:0
BRH:0
end_of_record
TN:
SF:src/clients/clients.controller.ts
FN:11,(anonymous_4)
FN:14,(anonymous_5)
FN:22,(anonymous_6)
FNF:3
FNH:3
FNDA:2,(anonymous_4)
FNDA:1,(anonymous_5)
FNDA:1,(anonymous_6)
DA:1,1
DA:2,1
DA:3,1
DA:4,1
DA:5,1
DA:10,1
DA:11,2
DA:14,1
DA:15,1
DA:16,1
DA:17,1
DA:18,1
DA:22,1
DA:23,1
DA:24,1
LF:15
LH:15
BRDA:15,0,0,1
BRDA:15,0,1,0
BRDA:16,1,0,1
BRDA:16,1,1,0
BRDA:22,2,0,1
BRDA:22,2,1,0
BRDA:22,3,0,1
BRDA:22,3,1,1
BRDA:11,4,0,1
BRDA:11,4,1,0
BRDA:11,5,0,1
BRDA:11,5,1,1
BRF:12
BRH:8
end_of_record
TN:
SF:src/clients/clients.service.ts
FN:11,(anonymous_4)
FN:17,(anonymous_5)
FN:26,(anonymous_6)
FN:31,(anonymous_7)
FN:41,(anonymous_8)
FN:45,(anonymous_9)
FN:52,(anonymous_10)
FNF:7
FNH:7
FNDA:2,(anonymous_4)
FNDA:1,(anonymous_5)
FNDA:1,(anonymous_6)
FNDA:1,(anonymous_7)
FNDA:1,(anonymous_8)
FNDA:1,(anonymous_9)
FNDA:1,(anonymous_10)
DA:1,2
DA:2,2
DA:3,2
DA:4,2
DA:6,2
DA:7,2
DA:10,2
DA:12,2
DA:13,2
DA:14,2
DA:18,1
DA:24,1
DA:26,1
DA:27,1
DA:28,1
DA:29,1
DA:31,1
DA:34,1
DA:35,1
DA:36,1
DA:37,1
DA:41,1
DA:42,1
DA:43,1
DA:44,1
DA:45,1
DA:47,1
DA:48,1
DA:53,1
DA:54,1
DA:55,1
DA:56,1
LF:32
LH:32
BRDA:17,0,0,1
BRDA:17,1,0,1
BRDA:28,2,0,1
BRDA:28,2,1,0
BRDA:35,3,0,1
BRDA:35,3,1,1
BRDA:35,4,0,1
BRDA:35,4,1,0
BRDA:37,5,0,1
BRDA:37,5,1,0
BRDA:42,6,0,1
BRDA:42,6,1,0
BRDA:45,7,0,1
BRDA:45,7,1,1
BRDA:47,8,0,1
BRDA:47,8,1,0
BRDA:12,9,0,2
BRDA:12,9,1,0
BRDA:12,10,0,2
BRDA:12,10,1,2
BRDA:12,11,0,2
BRDA:12,11,1,0
BRDA:12,12,0,2
BRDA:12,12,1,2
BRDA:13,13,0,2
BRDA:13,13,1,0
BRDA:13,14,0,2
BRDA:13,14,1,2
BRF:28
BRH:20
end_of_record
TN:
SF:src/clients/dto/create-client.dto.ts
FNF:0
FNH:0
DA:1,1
DA:3,1
DA:6,1
DA:10,1
DA:14,1
LF:5
LH:5
BRF:0
BRH:0
end_of_record
TN:
SF:src/config/oauth.config.ts
FNF:0
FNH:0
DA:1,1
LF:1
LH:1
BRF:0
BRH:0
end_of_record
TN:
SF:src/entities/client.entity.ts
FNF:0
FNH:0
DA:1,12
DA:9,12
DA:11,12
DA:14,12
DA:17,12
DA:20,12
DA:23,12
LF:7
LH:7
BRDA:23,0,0,12
BRDA:23,0,1,0
BRDA:23,1,0,12
BRDA:23,1,1,12
BRF:4
BRH:3
end_of_record
TN:
SF:src/entities/event.entity.ts
FN:20,(anonymous_2)
FN:39,(anonymous_3)
FNF:2
FNH:0
FNDA:0,(anonymous_2)
FNDA:0,(anonymous_3)
DA:1,5
DA:10,5
DA:16,5
DA:18,5
DA:20,0
DA:22,5
DA:25,5
DA:28,5
DA:31,5
DA:34,5
DA:37,5
DA:39,0
DA:40,5
DA:43,5
DA:46,5
LF:15
LH:13
BRDA:22,0,0,5
BRDA:22,0,1,0
BRDA:22,1,0,5
BRDA:22,1,1,5
BRDA:40,2,0,5
BRDA:40,2,1,0
BRDA:40,3,0,5
BRDA:40,3,1,5
BRF:8
BRH:6
end_of_record
TN:
SF:src/entities/mailbox.entity.ts
FN:38,(anonymous_2)
FNF:1
FNH:0
FNDA:0,(anonymous_2)
DA:1,12
DA:12,12
DA:19,12
DA:21,12
DA:24,12
DA:27,12
DA:30,12
DA:33,12
DA:36,12
DA:38,0
DA:40,12
DA:43,12
DA:46,12
DA:49,12
LF:14
LH:13
BRDA:40,0,0,12
BRDA:40,0,1,0
BRDA:40,1,0,12
BRDA:40,1,1,12
BRDA:46,2,0,12
BRDA:46,2,1,0
BRDA:46,3,0,12
BRDA:46,3,1,12
BRDA:49,4,0,12
BRDA:49,4,1,0
BRDA:49,5,0,12
BRDA:49,5,1,12
BRF:12
BRH:9
end_of_record
TN:
SF:src/entities/user.entity.ts
FNF:0
FNH:0
DA:1,2
DA:9,2
DA:11,2
DA:14,2
DA:17,2
DA:20,2
DA:23,2
DA:26,2
LF:8
LH:8
BRDA:26,0,0,2
BRDA:26,0,1,0
BRDA:26,1,0,2
BRDA:26,1,1,2
BRF:4
BRH:3
end_of_record
TN:
SF:src/events/events.controller.ts
FN:20,(anonymous_4)
FN:23,(anonymous_5)
FN:48,(anonymous_6)
FNF:3
FNH:3
FNDA:3,(anonymous_4)
FNDA:2,(anonymous_5)
FNDA:1,(anonymous_6)
DA:1,1
DA:11,1
DA:12,1
DA:13,1
DA:15,1
DA:19,1
DA:20,3
DA:23,1
DA:24,2
DA:25,2
DA:26,2
DA:27,2
DA:28,1
DA:31,1
DA:42,1
DA:43,1
DA:48,1
DA:54,1
DA:55,1
LF:19
LH:19
BRDA:25,0,0,2
BRDA:25,0,1,0
BRDA:27,1,0,1
BRDA:27,1,1,1
BRDA:27,2,0,2
BRDA:27,2,1,2
BRDA:35,3,0,0
BRDA:35,3,1,1
BRDA:36,4,0,1
BRDA:36,4,1,1
BRDA:37,5,0,1
BRDA:37,5,1,1
BRDA:38,6,0,1
BRDA:38,6,1,1
BRDA:39,7,0,1
BRDA:39,7,1,1
BRDA:49,8,0,0
BRDA:23,9,0,1
BRDA:23,9,1,0
BRDA:23,10,0,1
BRDA:23,10,1,1
BRDA:20,11,0,1
BRDA:20,11,1,0
BRDA:20,12,0,1
BRDA:20,12,1,1
BRF:25
BRH:20
end_of_record
TN:
SF:src/events/events.service.ts
FN:9,(anonymous_4)
FN:13,(anonymous_5)
FN:21,(anonymous_6)
FNF:3
FNH:3
FNDA:2,(anonymous_4)
FNDA:1,(anonymous_5)
FNDA:1,(anonymous_6)
DA:1,5
DA:2,5
DA:3,5
DA:4,5
DA:5,5
DA:8,5
DA:10,2
DA:11,2
DA:14,1
DA:15,1
DA:17,1
DA:18,1
DA:22,1
DA:28,1
DA:29,1
DA:34,1
DA:35,1
DA:37,1
DA:38,1
DA:39,1
DA:40,1
DA:41,1
DA:46,1
LF:23
LH:23
BRDA:21,0,0,0
BRDA:28,1,0,1
BRDA:28,1,1,0
BRDA:34,2,0,1
BRDA:34,2,1,0
BRDA:37,3,0,1
BRDA:37,3,1,0
BRDA:10,4,0,5
BRDA:10,4,1,0
BRDA:10,5,0,5
BRDA:10,5,1,5
BRDA:10,6,0,5
BRDA:10,6,1,0
BRDA:10,7,0,5
BRDA:10,7,1,5
BRF:15
BRH:9
end_of_record
TN:
SF:src/events/dto/create-event.dto.ts
FNF:0
FNH:0
DA:1,1
DA:10,1
DA:12,1
DA:15,1
DA:18,1
DA:22,1
DA:26,1
DA:30,1
DA:34,1
DA:38,1
LF:10
LH:10
BRDA:38,0,0,1
BRDA:38,0,1,0
BRDA:38,1,0,1
BRDA:38,1,1,1
BRF:4
BRH:3
end_of_record
TN:
SF:src/health/health.controller.ts
FN:10,(anonymous_2)
FN:17,(anonymous_3)
FN:18,(anonymous_4)
FNF:3
FNH:3
FNDA:2,(anonymous_2)
FNDA:1,(anonymous_3)
FNDA:1,(anonymous_4)
DA:1,1
DA:2,1
DA:9,1
DA:11,2
DA:12,2
DA:17,1
DA:18,1
LF:7
LH:7
BRDA:11,0,0,1
BRDA:11,0,1,0
BRDA:11,1,0,1
BRDA:11,1,1,1
BRDA:11,2,0,1
BRDA:11,2,1,0
BRDA:11,3,0,1
BRDA:11,3,1,1
BRF:8
BRH:6
end_of_record
TN:
SF:src/mail/mail.controller.ts
FN:20,(anonymous_4)
FN:25,(anonymous_5)
FN:57,(anonymous_6)
FNF:3
FNH:3
FNDA:2,(anonymous_4)
FNDA:1,(anonymous_5)
FNDA:1,(anonymous_6)
DA:1,1
DA:11,1
DA:12,1
DA:13,1
DA:16,1
DA:19,1
DA:20,2
DA:25,1
DA:32,1
DA:33,1
DA:34,0
DA:36,1
DA:37,0
DA:42,0
DA:43,0
DA:44,0
DA:45,0
DA:46,0
DA:48,0
DA:51,1
DA:52,1
DA:57,1
DA:58,1
DA:59,1
LF:24
LH:16
BRDA:33,0,0,0
BRDA:33,0,1,1
BRDA:33,1,0,1
BRDA:33,1,1,1
BRDA:36,2,0,0
BRDA:36,2,1,1
BRDA:42,3,0,0
BRDA:42,3,1,0
BRDA:44,4,0,0
BRDA:44,4,1,0
BRDA:26,5,0,1
BRDA:26,5,1,0
BRDA:26,6,0,1
BRDA:26,6,1,1
BRDA:20,7,0,1
BRDA:20,7,1,0
BRDA:20,8,0,1
BRDA:20,8,1,1
BRF:18
BRH:10
end_of_record
TN:
SF:src/mail/mail.service.ts
FN:29,(anonymous_5)
FN:35,(anonymous_6)
FN:45,(anonymous_7)
FN:55,(anonymous_8)
FN:62,(anonymous_9)
FN:73,(anonymous_10)
FN:82,(anonymous_11)
FN:95,(anonymous_12)
FNF:8
FNH:3
FNDA:3,(anonymous_5)
FNDA:0,(anonymous_6)
FNDA:0,(anonymous_7)
FNDA:0,(anonymous_8)
FNDA:1,(anonymous_9)
FNDA:0,(anonymous_10)
FNDA:0,(anonymous_11)
FNDA:2,(anonymous_12)
DA:1,2
DA:8,2
DA:9,2
DA:10,2
DA:11,2
DA:13,2
DA:14,2
DA:19,2
DA:22,2
DA:23,3
DA:30,3
DA:31,3
DA:32,3
DA:36,0
DA:37,0
DA:40,0
DA:43,0
DA:46,0
DA:52,0
DA:56,0
DA:57,0
DA:58,0
DA:63,1
DA:69,1
DA:70,1
DA:76,0
DA:82,0
DA:96,2
DA:99,2
DA:100,2
DA:102,2
DA:103,2
DA:105,1
DA:117,1
DA:118,1
DA:119,1
DA:122,1
DA:134,1
DA:135,1
DA:137,0
DA:149,0
DA:150,0
DA:151,0
LF:43
LH:28
BRDA:56,0,0,0
BRDA:56,0,1,0
BRDA:57,1,0,0
BRDA:57,1,1,0
BRDA:58,2,0,0
BRDA:58,2,1,0
BRDA:85,3,0,0
BRDA:85,3,1,0
BRDA:87,4,0,0
BRDA:87,4,1,0
BRDA:89,5,0,0
BRDA:89,5,1,0
BRDA:102,6,0,2
BRDA:102,6,1,2
BRDA:102,6,2,1
BRDA:103,7,0,1
BRDA:103,7,1,1
BRDA:110,8,0,1
BRDA:110,8,1,0
BRDA:112,9,0,1
BRDA:112,9,1,1
BRDA:114,10,0,1
BRDA:114,10,1,1
BRDA:115,11,0,0
BRDA:115,11,1,1
BRDA:117,12,0,1
BRDA:117,12,1,0
BRDA:127,13,0,1
BRDA:127,13,1,0
BRDA:129,14,0,1
BRDA:129,14,1,1
BRDA:131,15,0,1
BRDA:131,15,1,1
BRDA:132,16,0,0
BRDA:132,16,1,1
BRDA:134,17,0,1
BRDA:134,17,1,0
BRDA:142,18,0,0
BRDA:142,18,1,0
BRDA:144,19,0,0
BRDA:144,19,1,0
BRDA:146,20,0,0
BRDA:146,20,1,0
BRDA:147,21,0,0
BRDA:147,21,1,0
BRDA:149,22,0,0
BRDA:149,22,1,0
BRDA:30,23,0,2
BRDA:30,23,1,0
BRDA:30,24,0,2
BRDA:30,24,1,2
BRDA:30,25,0,2
BRDA:30,25,1,0
BRDA:30,26,0,2
BRDA:30,26,1,2
BRDA:31,27,0,2
BRDA:31,27,1,0
BRDA:31,28,0,2
BRDA:31,28,1,2
BRF:59
BRH:28
end_of_record
TN:
SF:src/mail/dto/send-mail.dto.ts
FN:23,(anonymous_2)
FN:41,(anonymous_3)
FNF:2
FNH:0
FNDA:0,(anonymous_2)
FNDA:0,(anonymous_3)
DA:1,1
DA:9,1
DA:11,1
DA:13,1
DA:16,1
DA:19,1
DA:22,1
DA:23,0
DA:25,1
DA:29,1
DA:32,1
DA:36,1
DA:41,0
DA:42,1
LF:14
LH:12
BRF:0
BRH:0
end_of_record
TN:
SF:src/mailboxes/mailboxes.controller.ts
FN:26,(anonymous_4)
FN:33,(anonymous_5)
FN:42,(anonymous_6)
FN:49,(anonymous_7)
FN:55,(anonymous_8)
FN:128,(anonymous_9)
FNF:6
FNH:5
FNDA:6,(anonymous_4)
FNDA:1,(anonymous_5)
FNDA:1,(anonymous_6)
FNDA:1,(anonymous_7)
FNDA:2,(anonymous_8)
FNDA:0,(anonymous_9)
DA:1,1
DA:14,1
DA:15,1
DA:17,1
DA:19,1
DA:20,1
DA:21,1
DA:22,1
DA:25,1
DA:27,6
DA:28,6
DA:33,1
DA:34,1
DA:35,1
DA:36,1
DA:37,1
DA:42,1
DA:43,1
DA:44,1
DA:49,1
DA:50,1
DA:51,1
DA:55,1
DA:59,2
DA:60,2
DA:62,2
DA:63,1
DA:64,1
DA:65,0
DA:71,1
DA:73,1
DA:76,1
DA:91,1
DA:93,1
DA:95,1
DA:96,0
DA:102,1
DA:103,1
DA:104,1
DA:106,1
DA:109,1
DA:113,1
DA:122,1
DA:124,0
DA:128,1
DA:133,0
DA:134,0
DA:136,0
DA:137,0
DA:138,0
DA:139,0
DA:142,0
DA:143,0
DA:146,0
DA:147,0
DA:148,0
DA:150,0
DA:151,0
DA:152,0
DA:160,0
DA:166,0
DA:167,0
LF:62
LH:42
BRDA:34,0,0,1
BRDA:34,0,1,0
BRDA:35,1,0,1
BRDA:35,1,1,0
BRDA:62,2,0,1
BRDA:62,2,1,1
BRDA:64,3,0,0
BRDA:64,3,1,1
BRDA:71,4,0,1
BRDA:71,4,1,0
BRDA:73,5,0,1
BRDA:73,5,1,0
BRDA:73,6,0,1
BRDA:73,6,1,0
BRDA:88,7,0,1
BRDA:88,7,1,0
BRDA:91,8,0,1
BRDA:91,8,1,0
BRDA:91,9,0,1
BRDA:91,9,1,0
BRDA:93,10,0,1
BRDA:93,10,1,0
BRDA:95,11,0,0
BRDA:95,11,1,1
BRDA:102,12,0,1
BRDA:102,12,1,0
BRDA:106,13,0,1
BRDA:106,13,1,0
BRDA:106,14,0,1
BRDA:106,14,1,0
BRDA:109,15,0,1
BRDA:109,15,1,0
BRDA:137,16,0,0
BRDA:137,16,1,0
BRDA:142,17,0,0
BRDA:142,17,1,0
BRDA:143,18,0,0
BRDA:143,18,1,0
BRDA:146,19,0,0
BRDA:146,19,1,0
BRDA:150,20,0,0
BRDA:150,20,1,0
BRDA:166,21,0,0
BRDA:166,21,1,0
BRDA:57,22,0,1
BRDA:57,22,1,0
BRDA:57,23,0,1
BRDA:57,23,1,1
BRDA:130,24,0,1
BRDA:130,24,1,0
BRDA:130,25,0,1
BRDA:130,25,1,1
BRDA:27,26,0,1
BRDA:27,26,1,0
BRDA:27,27,0,1
BRDA:27,27,1,1
BRDA:27,28,0,1
BRDA:27,28,1,0
BRDA:27,29,0,1
BRDA:27,29,1,1
BRF:60
BRH:29
end_of_record
TN:
SF:src/mailboxes/mailboxes.service.ts
FN:10,(anonymous_4)
FN:16,(anonymous_5)
FN:32,(anonymous_6)
FN:40,(anonymous_7)
FN:48,(anonymous_8)
FN:61,(anonymous_9)
FNF:6
FNH:2
FNDA:1,(anonymous_4)
FNDA:0,(anonymous_5)
FNDA:0,(anonymous_6)
FNDA:0,(anonymous_7)
FNDA:0,(anonymous_8)
FNDA:1,(anonymous_9)
DA:1,2
DA:2,2
DA:3,2
DA:4,2
DA:5,2
DA:6,2
DA:9,2
DA:11,1
DA:12,1
DA:13,1
DA:17,0
DA:31,0
DA:32,0
DA:34,0
DA:36,0
DA:41,0
DA:43,0
DA:49,0
DA:50,0
DA:51,0
DA:52,0
DA:53,0
DA:57,0
DA:58,0
DA:69,1
DA:71,1
DA:77,1
DA:78,0
DA:79,0
DA:80,0
DA:82,0
DA:87,0
DA:88,0
DA:90,0
DA:91,0
DA:92,0
DA:96,1
DA:97,1
DA:98,1
DA:99,1
DA:100,1
DA:104,1
DA:105,0
DA:106,0
DA:107,0
DA:108,0
DA:109,0
DA:113,0
DA:114,0
DA:117,1
DA:126,1
DA:127,1
DA:131,1
DA:132,1
LF:54
LH:24
BRDA:16,0,0,0
BRDA:16,1,0,0
BRDA:34,2,0,0
BRDA:34,2,1,0
BRDA:34,3,0,0
BRDA:34,3,1,0
BRDA:48,4,0,0
BRDA:50,5,0,0
BRDA:50,5,1,0
BRDA:69,6,0,1
BRDA:69,6,1,0
BRDA:71,7,0,1
BRDA:71,7,1,0
BRDA:71,8,0,1
BRDA:71,8,1,0
BRDA:73,9,0,0
BRDA:73,9,1,0
BRDA:73,10,0,0
BRDA:73,10,1,0
BRDA:77,11,0,0
BRDA:77,11,1,1
BRDA:79,12,0,0
BRDA:79,12,1,0
BRDA:80,13,0,0
BRDA:80,13,1,0
BRDA:82,14,0,0
BRDA:82,14,1,0
BRDA:82,15,0,0
BRDA:82,15,1,0
BRDA:84,16,0,0
BRDA:84,16,1,0
BRDA:84,17,0,0
BRDA:84,17,1,0
BRDA:87,18,0,0
BRDA:87,18,1,0
BRDA:87,19,0,0
BRDA:87,19,1,0
BRDA:90,20,0,0
BRDA:90,20,1,0
BRDA:97,21,0,1
BRDA:97,21,1,0
BRDA:98,22,0,0
BRDA:98,22,1,1
BRDA:100,23,0,1
BRDA:100,23,1,0
BRDA:104,24,0,0
BRDA:104,24,1,1
BRDA:106,25,0,0
BRDA:106,25,1,0
BRDA:121,26,0,1
BRDA:121,26,1,0
BRDA:123,27,0,1
BRDA:123,27,1,1
BRDA:11,28,0,2
BRDA:11,28,1,0
BRDA:11,29,0,2
BRDA:11,29,1,2
BRDA:11,30,0,2
BRDA:11,30,1,0
BRDA:11,31,0,2
BRDA:11,31,1,2
BRDA:12,32,0,2
BRDA:12,32,1,0
BRDA:12,33,0,2
BRDA:12,33,1,2
BRF:65
BRH:20
end_of_record
TN:
SF:src/mailboxes/dto/oauth-callback-query.dto.ts
FNF:0
FNH:0
DA:1,1
DA:3,1
DA:6,1
DA:10,1
DA:14,1
DA:18,1
LF:6
LH:6
BRF:0
BRH:0
end_of_record
TN:
SF:src/mailboxes/dto/oauth-redirect-query.dto.ts
FNF:0
FNH:0
DA:1,1
DA:3,1
DA:6,1
DA:10,1
LF:4
LH:4
BRF:0
BRH:0
end_of_record
TN:
SF:src/settings/settings.controller.ts
FN:8,(anonymous_2)
FN:10,(anonymous_3)
FN:15,(anonymous_4)
FN:20,(anonymous_5)
FN:25,(anonymous_6)
FN:30,(anonymous_7)
FN:47,(anonymous_8)
FN:56,(anonymous_9)
FNF:8
FNH:7
FNDA:7,(anonymous_2)
FNDA:1,(anonymous_3)
FNDA:1,(anonymous_4)
FNDA:1,(anonymous_5)
FNDA:0,(anonymous_6)
FNDA:1,(anonymous_7)
FNDA:1,(anonymous_8)
FNDA:1,(anonymous_9)
DA:1,1
DA:2,1
DA:3,1
DA:7,1
DA:8,7
DA:10,1
DA:11,1
DA:15,1
DA:16,1
DA:20,1
DA:21,1
DA:25,1
DA:26,0
DA:30,1
DA:31,1
DA:32,1
DA:33,1
DA:34,1
DA:35,1
DA:47,1
DA:48,1
DA:56,1
DA:57,1
DA:58,1
LF:24
LH:23
BRDA:8,0,0,1
BRDA:8,0,1,0
BRDA:8,1,0,1
BRDA:8,1,1,1
BRF:4
BRH:3
end_of_record
TN:
SF:src/settings/settings.service.ts
FN:6,maskDbUrl
FN:11,(anonymous_5)
FN:21,maskSecret
FN:29,(anonymous_7)
FN:31,(anonymous_8)
FN:42,(anonymous_9)
FN:46,(anonymous_10)
FN:53,(anonymous_11)
FN:60,(anonymous_12)
FN:72,(anonymous_13)
FN:79,(anonymous_14)
FN:81,(anonymous_15)
FNF:12
FNH:11
FNDA:1,maskDbUrl
FNDA:1,(anonymous_5)
FNDA:5,maskSecret
FNDA:5,(anonymous_7)
FNDA:1,(anonymous_8)
FNDA:1,(anonymous_9)
FNDA:1,(anonymous_10)
FNDA:1,(anonymous_11)
FNDA:1,(anonymous_12)
FNDA:0,(anonymous_13)
FNDA:1,(anonymous_14)
FNDA:1,(anonymous_15)
DA:1,2
DA:2,2
DA:3,2
DA:4,2
DA:7,1
DA:9,1
DA:13,1
DA:16,1
DA:22,5
DA:23,5
DA:24,3
DA:28,2
DA:29,5
DA:32,1
DA:43,1
DA:46,1
DA:54,1
DA:62,1
DA:65,1
DA:73,0
DA:80,1
DA:81,1
LF:22
LH:21
BRDA:7,0,0,0
BRDA:7,0,1,1
BRDA:13,1,0,1
BRDA:13,1,1,0
BRDA:22,2,0,0
BRDA:22,2,1,5
BRDA:23,3,0,2
BRDA:23,3,1,3
BRDA:62,4,0,1
BRDA:62,4,1,0
BRDA:62,4,2,0
BRDA:64,5,0,0
BRDA:64,5,1,0
BRDA:86,6,0,1
BRDA:86,6,1,0
BRDA:29,7,0,2
BRDA:29,7,1,0
BRDA:29,8,0,2
BRDA:29,8,1,2
BRF:19
BRH:10
end_of_record
TN:
SF:src/system/system.controller.ts
FN:10,(anonymous_4)
FN:13,(anonymous_5)
FN:15,(anonymous_6)
FNF:3
FNH:1
FNDA:1,(anonymous_4)
FNDA:0,(anonymous_5)
FNDA:0,(anonymous_6)
DA:1,1
DA:2,1
DA:3,1
DA:4,1
DA:5,1
DA:9,1
DA:10,1
DA:13,1
DA:14,0
DA:15,0
DA:21,0
LF:11
LH:8
BRDA:10,0,0,1
BRDA:10,0,1,0
BRDA:10,1,0,1
BRDA:10,1,1,1
BRF:4
BRH:3
end_of_record
TN:
SF:src/system/system.service.ts
FNF:0
FNH:0
DA:1,1
DA:4,1
LF:2
LH:2
BRF:0
BRH:0
end_of_record
TN:
SF:src/webhooks/webhooks.controller.ts
FN:15,(anonymous_4)
FN:21,(anonymous_5)
FN:47,(anonymous_6)
FNF:3
FNH:3
FNDA:8,(anonymous_4)
FNDA:4,(anonymous_5)
FNDA:4,(anonymous_6)
DA:1,1
DA:8,1
DA:9,1
DA:10,1
DA:11,1
DA:14,1
DA:16,8
DA:17,8
DA:21,1
DA:22,4
DA:23,4
DA:24,4
DA:25,4
DA:26,1
DA:29,3
DA:31,3
DA:33,2
DA:36,2
DA:37,1
DA:43,1
DA:47,1
DA:48,4
DA:49,4
DA:50,4
DA:51,4
DA:52,1
DA:55,3
DA:57,3
DA:59,2
DA:62,2
DA:63,1
DA:69,1
LF:32
LH:32
BRDA:23,0,0,4
BRDA:23,0,1,0
BRDA:25,1,0,1
BRDA:25,1,1,3
BRDA:25,2,0,4
BRDA:25,2,1,4
BRDA:29,3,0,3
BRDA:29,3,1,1
BRDA:29,4,0,3
BRDA:29,4,1,1
BRDA:29,4,2,1
BRDA:29,4,3,1
BRDA:31,5,0,1
BRDA:31,5,1,2
BRDA:36,6,0,1
BRDA:36,6,1,1
BRDA:49,7,0,4
BRDA:49,7,1,0
BRDA:51,8,0,1
BRDA:51,8,1,3
BRDA:51,9,0,4
BRDA:51,9,1,4
BRDA:55,10,0,3
BRDA:55,10,1,1
BRDA:55,11,0,3
BRDA:55,11,1,1
BRDA:55,11,2,1
BRDA:55,11,3,1
BRDA:57,12,0,1
BRDA:57,12,1,2
BRDA:62,13,0,1
BRDA:62,13,1,1
BRDA:16,14,0,1
BRDA:16,14,1,0
BRDA:16,15,0,1
BRDA:16,15,1,1
BRDA:16,16,0,1
BRDA:16,16,1,0
BRDA:16,17,0,1
BRDA:16,17,1,1
BRF:40
BRH:36
end_of_record
TN:
SF:src/worker/worker.service.ts
FN:32,(anonymous_5)
FN:38,(anonymous_6)
FN:48,(anonymous_7)
FN:58,(anonymous_8)
FN:64,(anonymous_9)
FN:69,(anonymous_10)
FNF:6
FNH:0
FNDA:0,(anonymous_5)
FNDA:0,(anonymous_6)
FNDA:0,(anonymous_7)
FNDA:0,(anonymous_8)
FNDA:0,(anonymous_9)
FNDA:0,(anonymous_10)
DA:1,1
DA:8,1
DA:9,1
DA:10,1
DA:11,1
DA:12,1
DA:13,1
DA:22,1
DA:25,1
DA:26,0
DA:33,0
DA:34,0
DA:35,0
DA:39,0
DA:40,0
DA:43,0
DA:46,0
DA:49,0
DA:55,0
DA:59,0
DA:60,0
DA:61,0
DA:65,0
DA:66,0
DA:70,0
DA:71,0
DA:74,0
DA:75,0
DA:87,0
DA:88,0
DA:90,0
LF:31
LH:9
BRDA:71,0,0,0
BRDA:71,0,1,0
BRDA:76,1,0,0
BRDA:76,1,1,0
BRDA:76,1,2,0
BRDA:82,2,0,0
BRDA:82,2,1,0
BRDA:85,3,0,0
BRDA:85,3,1,0
BRDA:87,4,0,0
BRDA:87,4,1,0
BRDA:33,5,0,1
BRDA:33,5,1,0
BRDA:33,6,0,1
BRDA:33,6,1,1
BRDA:33,7,0,1
BRDA:33,7,1,0
BRDA:33,8,0,1
BRDA:33,8,1,1
BRDA:34,9,0,1
BRDA:34,9,1,0
BRDA:34,10,0,1
BRDA:34,10,1,1
BRF:23
BRH:9
end_of_record
TN:
SF:src/ws/ws.gateway.ts
FN:29,(anonymous_5)
FN:31,(anonymous_6)
FN:35,(anonymous_7)
FN:39,(anonymous_8)
FN:52,(anonymous_9)
FN:57,(anonymous_10)
FN:61,(anonymous_11)
FN:65,(anonymous_12)
FNF:8
FNH:0
FNDA:0,(anonymous_5)
FNDA:0,(anonymous_6)
FNDA:0,(anonymous_7)
FNDA:0,(anonymous_8)
FNDA:0,(anonymous_9)
FNDA:0,(anonymous_10)
FNDA:0,(anonymous_11)
FNDA:0,(anonymous_12)
DA:1,9
DA:8,9
DA:9,9
DA:10,9
DA:13,9
DA:22,9
DA:24,0
DA:27,0
DA:29,0
DA:32,0
DA:36,0
DA:37,0
DA:38,0
DA:39,0
DA:40,0
DA:41,0
DA:42,0
DA:43,0
DA:45,0
DA:49,0
DA:53,0
DA:54,0
DA:58,0
DA:62,0
DA:67,0
DA:68,0
DA:69,0
DA:72,0
DA:73,0
DA:79,0
LF:30
LH:6
BRDA:40,0,0,0
BRDA:40,0,1,0
BRDA:53,1,0,0
BRDA:53,1,1,0
BRDA:54,2,0,0
BRDA:54,2,1,0
BRDA:65,3,0,0
BRDA:67,4,0,0
BRDA:67,4,1,0
BRDA:72,5,0,0
BRDA:72,5,1,0
BRDA:22,6,0,9
BRDA:22,6,1,0
BRDA:22,7,0,9
BRDA:22,7,1,9
BRDA:12,8,0,9
BRDA:12,8,1,9
BRDA:29,9,0,9
BRDA:29,9,1,0
BRDA:29,10,0,9
BRDA:29,10,1,9
BRF:21
BRH:8
end_of_record
